[31merror[39m: uncaughtException: тип Unable to compile TypeScript:
[96msrc/config/database.ts[0m:[93m1[0m:[93m10[0m - [91merror[0m[90m TS2305: [0mModule '"@prisma/client"' has no exported member 'PrismaClient'.

[7m1[0m import { PrismaClient } from "@prisma/client";
[7m [0m [91m         ~~~~~~~~~~~~[0m

TSError: тип Unable to compile TypeScript:
[96msrc/config/database.ts[0m:[93m1[0m:[93m10[0m - [91merror[0m[90m TS2305: [0mModule '"@prisma/client"' has no exported member 'PrismaClient'.

[7m1[0m import { PrismaClient } from "@prisma/client";
[7m [0m [91m         ~~~~~~~~~~~~[0m

    at createTSError (/Users/i/Documents/TraderApp codes/assets-service/node_modules/ts-node/src/index.ts:859:12)
    at reportTSError (/Users/i/Documents/TraderApp codes/assets-service/node_modules/ts-node/src/index.ts:863:19)
    at getOutput (/Users/i/Documents/TraderApp codes/assets-service/node_modules/ts-node/src/index.ts:1077:36)
    at Object.compile (/Users/i/Documents/TraderApp codes/assets-service/node_modules/ts-node/src/index.ts:1433:41)
    at Module.m._compile (/Users/i/Documents/TraderApp codes/assets-service/node_modules/ts-node/src/index.ts:1617:30)
    at Module._extensions..js (node:internal/modules/cjs/loader:1310:10)
    at Object.require.extensions.<computed> [as .ts] (/Users/i/Documents/TraderApp codes/assets-service/node_modules/ts-node/src/index.ts:1621:12)
    at Module.load (node:internal/modules/cjs/loader:1119:32)
    at Function.Module._load (node:internal/modules/cjs/loader:960:12)
    at Module.require (node:internal/modules/cjs/loader:1143:19) [assets-service] development 2023-12-22 09:57:29
error: uncaughtException: тип Unable to compile TypeScript:
[96msrc/config/database.ts[0m:[93m1[0m:[93m10[0m - [91merror[0m[90m TS2305: [0mModule '"@prisma/client"' has no exported member 'PrismaClient'.

[7m1[0m import { PrismaClient } from "@prisma/client";
[7m [0m [91m         ~~~~~~~~~~~~[0m

TSError: тип Unable to compile TypeScript:
[96msrc/config/database.ts[0m:[93m1[0m:[93m10[0m - [91merror[0m[90m TS2305: [0mModule '"@prisma/client"' has no exported member 'PrismaClient'.

[7m1[0m import { PrismaClient } from "@prisma/client";
[7m [0m [91m         ~~~~~~~~~~~~[0m

    at createTSError (/Users/i/Documents/TraderApp codes/assets-service/node_modules/ts-node/src/index.ts:859:12)
    at reportTSError (/Users/i/Documents/TraderApp codes/assets-service/node_modules/ts-node/src/index.ts:863:19)
    at getOutput (/Users/i/Documents/TraderApp codes/assets-service/node_modules/ts-node/src/index.ts:1077:36)
    at Object.compile (/Users/i/Documents/TraderApp codes/assets-service/node_modules/ts-node/src/index.ts:1433:41)
    at Module.m._compile (/Users/i/Documents/TraderApp codes/assets-service/node_modules/ts-node/src/index.ts:1617:30)
    at Module._extensions..js (node:internal/modules/cjs/loader:1310:10)
    at Object.require.extensions.<computed> [as .ts] (/Users/i/Documents/TraderApp codes/assets-service/node_modules/ts-node/src/index.ts:1621:12)
    at Module.load (node:internal/modules/cjs/loader:1119:32)
    at Function.Module._load (node:internal/modules/cjs/loader:960:12)
    at Module.require (node:internal/modules/cjs/loader:1143:19) [assets-service] development 2023-12-22T08:57:29.642Z
[31merror[39m: uncaughtException: тип Unable to compile TypeScript:
[96msrc/config/database.ts[0m:[93m1[0m:[93m10[0m - [91merror[0m[90m TS2305: [0mModule '"@prisma/client"' has no exported member 'PrismaClient'.

[7m1[0m import { PrismaClient } from "@prisma/client";
[7m [0m [91m         ~~~~~~~~~~~~[0m

TSError: тип Unable to compile TypeScript:
[96msrc/config/database.ts[0m:[93m1[0m:[93m10[0m - [91merror[0m[90m TS2305: [0mModule '"@prisma/client"' has no exported member 'PrismaClient'.

[7m1[0m import { PrismaClient } from "@prisma/client";
[7m [0m [91m         ~~~~~~~~~~~~[0m

    at createTSError (/Users/i/Documents/TraderApp codes/assets-service/node_modules/ts-node/src/index.ts:859:12)
    at reportTSError (/Users/i/Documents/TraderApp codes/assets-service/node_modules/ts-node/src/index.ts:863:19)
    at getOutput (/Users/i/Documents/TraderApp codes/assets-service/node_modules/ts-node/src/index.ts:1077:36)
    at Object.compile (/Users/i/Documents/TraderApp codes/assets-service/node_modules/ts-node/src/index.ts:1433:41)
    at Module.m._compile (/Users/i/Documents/TraderApp codes/assets-service/node_modules/ts-node/src/index.ts:1617:30)
    at Module._extensions..js (node:internal/modules/cjs/loader:1310:10)
    at Object.require.extensions.<computed> [as .ts] (/Users/i/Documents/TraderApp codes/assets-service/node_modules/ts-node/src/index.ts:1621:12)
    at Module.load (node:internal/modules/cjs/loader:1119:32)
    at Function.Module._load (node:internal/modules/cjs/loader:960:12)
    at Module.require (node:internal/modules/cjs/loader:1143:19) [assets-service] development 2024-01-01 14:39:02
error: uncaughtException: тип Unable to compile TypeScript:
[96msrc/config/database.ts[0m:[93m1[0m:[93m10[0m - [91merror[0m[90m TS2305: [0mModule '"@prisma/client"' has no exported member 'PrismaClient'.

[7m1[0m import { PrismaClient } from "@prisma/client";
[7m [0m [91m         ~~~~~~~~~~~~[0m

TSError: тип Unable to compile TypeScript:
[96msrc/config/database.ts[0m:[93m1[0m:[93m10[0m - [91merror[0m[90m TS2305: [0mModule '"@prisma/client"' has no exported member 'PrismaClient'.

[7m1[0m import { PrismaClient } from "@prisma/client";
[7m [0m [91m         ~~~~~~~~~~~~[0m

    at createTSError (/Users/i/Documents/TraderApp codes/assets-service/node_modules/ts-node/src/index.ts:859:12)
    at reportTSError (/Users/i/Documents/TraderApp codes/assets-service/node_modules/ts-node/src/index.ts:863:19)
    at getOutput (/Users/i/Documents/TraderApp codes/assets-service/node_modules/ts-node/src/index.ts:1077:36)
    at Object.compile (/Users/i/Documents/TraderApp codes/assets-service/node_modules/ts-node/src/index.ts:1433:41)
    at Module.m._compile (/Users/i/Documents/TraderApp codes/assets-service/node_modules/ts-node/src/index.ts:1617:30)
    at Module._extensions..js (node:internal/modules/cjs/loader:1310:10)
    at Object.require.extensions.<computed> [as .ts] (/Users/i/Documents/TraderApp codes/assets-service/node_modules/ts-node/src/index.ts:1621:12)
    at Module.load (node:internal/modules/cjs/loader:1119:32)
    at Function.Module._load (node:internal/modules/cjs/loader:960:12)
    at Module.require (node:internal/modules/cjs/loader:1143:19) [assets-service] development 2024-01-01T13:39:02.353Z
[31merror[39m: uncaughtException: тип Unable to compile TypeScript:
[96msrc/config/database.ts[0m:[93m1[0m:[93m10[0m - [91merror[0m[90m TS2305: [0mModule '"@prisma/client"' has no exported member 'PrismaClient'.

[7m1[0m import { PrismaClient } from "@prisma/client";
[7m [0m [91m         ~~~~~~~~~~~~[0m

TSError: тип Unable to compile TypeScript:
[96msrc/config/database.ts[0m:[93m1[0m:[93m10[0m - [91merror[0m[90m TS2305: [0mModule '"@prisma/client"' has no exported member 'PrismaClient'.

[7m1[0m import { PrismaClient } from "@prisma/client";
[7m [0m [91m         ~~~~~~~~~~~~[0m

    at createTSError (/Users/i/Documents/TraderApp codes/assets-service/node_modules/ts-node/src/index.ts:859:12)
    at reportTSError (/Users/i/Documents/TraderApp codes/assets-service/node_modules/ts-node/src/index.ts:863:19)
    at getOutput (/Users/i/Documents/TraderApp codes/assets-service/node_modules/ts-node/src/index.ts:1077:36)
    at Object.compile (/Users/i/Documents/TraderApp codes/assets-service/node_modules/ts-node/src/index.ts:1433:41)
    at Module.m._compile (/Users/i/Documents/TraderApp codes/assets-service/node_modules/ts-node/src/index.ts:1617:30)
    at Module._extensions..js (node:internal/modules/cjs/loader:1310:10)
    at Object.require.extensions.<computed> [as .ts] (/Users/i/Documents/TraderApp codes/assets-service/node_modules/ts-node/src/index.ts:1621:12)
    at Module.load (node:internal/modules/cjs/loader:1119:32)
    at Function.Module._load (node:internal/modules/cjs/loader:960:12)
    at Module.require (node:internal/modules/cjs/loader:1143:19) [unkown-service] development 2024-01-01 14:41:09
error: uncaughtException: тип Unable to compile TypeScript:
[96msrc/config/database.ts[0m:[93m1[0m:[93m10[0m - [91merror[0m[90m TS2305: [0mModule '"@prisma/client"' has no exported member 'PrismaClient'.

[7m1[0m import { PrismaClient } from "@prisma/client";
[7m [0m [91m         ~~~~~~~~~~~~[0m

TSError: тип Unable to compile TypeScript:
[96msrc/config/database.ts[0m:[93m1[0m:[93m10[0m - [91merror[0m[90m TS2305: [0mModule '"@prisma/client"' has no exported member 'PrismaClient'.

[7m1[0m import { PrismaClient } from "@prisma/client";
[7m [0m [91m         ~~~~~~~~~~~~[0m

    at createTSError (/Users/i/Documents/TraderApp codes/assets-service/node_modules/ts-node/src/index.ts:859:12)
    at reportTSError (/Users/i/Documents/TraderApp codes/assets-service/node_modules/ts-node/src/index.ts:863:19)
    at getOutput (/Users/i/Documents/TraderApp codes/assets-service/node_modules/ts-node/src/index.ts:1077:36)
    at Object.compile (/Users/i/Documents/TraderApp codes/assets-service/node_modules/ts-node/src/index.ts:1433:41)
    at Module.m._compile (/Users/i/Documents/TraderApp codes/assets-service/node_modules/ts-node/src/index.ts:1617:30)
    at Module._extensions..js (node:internal/modules/cjs/loader:1310:10)
    at Object.require.extensions.<computed> [as .ts] (/Users/i/Documents/TraderApp codes/assets-service/node_modules/ts-node/src/index.ts:1621:12)
    at Module.load (node:internal/modules/cjs/loader:1119:32)
    at Function.Module._load (node:internal/modules/cjs/loader:960:12)
    at Module.require (node:internal/modules/cjs/loader:1143:19) [unkown-service] development 2024-01-01T13:41:09.644Z
[31merror[39m: uncaughtException: тип Unable to compile TypeScript:
[96msrc/config/database.ts[0m:[93m1[0m:[93m10[0m - [91merror[0m[90m TS2305: [0mModule '"@prisma/client"' has no exported member 'PrismaClient'.

[7m1[0m import { PrismaClient } from "@prisma/client";
[7m [0m [91m         ~~~~~~~~~~~~[0m

TSError: тип Unable to compile TypeScript:
[96msrc/config/database.ts[0m:[93m1[0m:[93m10[0m - [91merror[0m[90m TS2305: [0mModule '"@prisma/client"' has no exported member 'PrismaClient'.

[7m1[0m import { PrismaClient } from "@prisma/client";
[7m [0m [91m         ~~~~~~~~~~~~[0m

    at createTSError (/Users/i/Documents/TraderApp codes/assets-service/node_modules/ts-node/src/index.ts:859:12)
    at reportTSError (/Users/i/Documents/TraderApp codes/assets-service/node_modules/ts-node/src/index.ts:863:19)
    at getOutput (/Users/i/Documents/TraderApp codes/assets-service/node_modules/ts-node/src/index.ts:1077:36)
    at Object.compile (/Users/i/Documents/TraderApp codes/assets-service/node_modules/ts-node/src/index.ts:1433:41)
    at Module.m._compile (/Users/i/Documents/TraderApp codes/assets-service/node_modules/ts-node/src/index.ts:1617:30)
    at Module._extensions..js (node:internal/modules/cjs/loader:1310:10)
    at Object.require.extensions.<computed> [as .ts] (/Users/i/Documents/TraderApp codes/assets-service/node_modules/ts-node/src/index.ts:1621:12)
    at Module.load (node:internal/modules/cjs/loader:1119:32)
    at Function.Module._load (node:internal/modules/cjs/loader:960:12)
    at Module.require (node:internal/modules/cjs/loader:1143:19) [unkown-service] development 2024-01-01 14:42:04
error: uncaughtException: тип Unable to compile TypeScript:
[96msrc/config/database.ts[0m:[93m1[0m:[93m10[0m - [91merror[0m[90m TS2305: [0mModule '"@prisma/client"' has no exported member 'PrismaClient'.

[7m1[0m import { PrismaClient } from "@prisma/client";
[7m [0m [91m         ~~~~~~~~~~~~[0m

TSError: тип Unable to compile TypeScript:
[96msrc/config/database.ts[0m:[93m1[0m:[93m10[0m - [91merror[0m[90m TS2305: [0mModule '"@prisma/client"' has no exported member 'PrismaClient'.

[7m1[0m import { PrismaClient } from "@prisma/client";
[7m [0m [91m         ~~~~~~~~~~~~[0m

    at createTSError (/Users/i/Documents/TraderApp codes/assets-service/node_modules/ts-node/src/index.ts:859:12)
    at reportTSError (/Users/i/Documents/TraderApp codes/assets-service/node_modules/ts-node/src/index.ts:863:19)
    at getOutput (/Users/i/Documents/TraderApp codes/assets-service/node_modules/ts-node/src/index.ts:1077:36)
    at Object.compile (/Users/i/Documents/TraderApp codes/assets-service/node_modules/ts-node/src/index.ts:1433:41)
    at Module.m._compile (/Users/i/Documents/TraderApp codes/assets-service/node_modules/ts-node/src/index.ts:1617:30)
    at Module._extensions..js (node:internal/modules/cjs/loader:1310:10)
    at Object.require.extensions.<computed> [as .ts] (/Users/i/Documents/TraderApp codes/assets-service/node_modules/ts-node/src/index.ts:1621:12)
    at Module.load (node:internal/modules/cjs/loader:1119:32)
    at Function.Module._load (node:internal/modules/cjs/loader:960:12)
    at Module.require (node:internal/modules/cjs/loader:1143:19) [unkown-service] development 2024-01-01T13:42:04.357Z
[31merror[39m: uncaughtException: тип Unable to compile TypeScript:
[96msrc/config/database.ts[0m:[93m1[0m:[93m10[0m - [91merror[0m[90m TS2305: [0mModule '"@prisma/client"' has no exported member 'PrismaClient'.

[7m1[0m import { PrismaClient } from "@prisma/client";
[7m [0m [91m         ~~~~~~~~~~~~[0m

TSError: тип Unable to compile TypeScript:
[96msrc/config/database.ts[0m:[93m1[0m:[93m10[0m - [91merror[0m[90m TS2305: [0mModule '"@prisma/client"' has no exported member 'PrismaClient'.

[7m1[0m import { PrismaClient } from "@prisma/client";
[7m [0m [91m         ~~~~~~~~~~~~[0m

    at createTSError (/Users/i/Documents/TraderApp codes/assets-service/node_modules/ts-node/src/index.ts:859:12)
    at reportTSError (/Users/i/Documents/TraderApp codes/assets-service/node_modules/ts-node/src/index.ts:863:19)
    at getOutput (/Users/i/Documents/TraderApp codes/assets-service/node_modules/ts-node/src/index.ts:1077:36)
    at Object.compile (/Users/i/Documents/TraderApp codes/assets-service/node_modules/ts-node/src/index.ts:1433:41)
    at Module.m._compile (/Users/i/Documents/TraderApp codes/assets-service/node_modules/ts-node/src/index.ts:1617:30)
    at Module._extensions..js (node:internal/modules/cjs/loader:1310:10)
    at Object.require.extensions.<computed> [as .ts] (/Users/i/Documents/TraderApp codes/assets-service/node_modules/ts-node/src/index.ts:1621:12)
    at Module.load (node:internal/modules/cjs/loader:1119:32)
    at Function.Module._load (node:internal/modules/cjs/loader:960:12)
    at Module.require (node:internal/modules/cjs/loader:1143:19) [unkown-service] development 2024-01-01 14:45:54
error: uncaughtException: тип Unable to compile TypeScript:
[96msrc/config/database.ts[0m:[93m1[0m:[93m10[0m - [91merror[0m[90m TS2305: [0mModule '"@prisma/client"' has no exported member 'PrismaClient'.

[7m1[0m import { PrismaClient } from "@prisma/client";
[7m [0m [91m         ~~~~~~~~~~~~[0m

TSError: тип Unable to compile TypeScript:
[96msrc/config/database.ts[0m:[93m1[0m:[93m10[0m - [91merror[0m[90m TS2305: [0mModule '"@prisma/client"' has no exported member 'PrismaClient'.

[7m1[0m import { PrismaClient } from "@prisma/client";
[7m [0m [91m         ~~~~~~~~~~~~[0m

    at createTSError (/Users/i/Documents/TraderApp codes/assets-service/node_modules/ts-node/src/index.ts:859:12)
    at reportTSError (/Users/i/Documents/TraderApp codes/assets-service/node_modules/ts-node/src/index.ts:863:19)
    at getOutput (/Users/i/Documents/TraderApp codes/assets-service/node_modules/ts-node/src/index.ts:1077:36)
    at Object.compile (/Users/i/Documents/TraderApp codes/assets-service/node_modules/ts-node/src/index.ts:1433:41)
    at Module.m._compile (/Users/i/Documents/TraderApp codes/assets-service/node_modules/ts-node/src/index.ts:1617:30)
    at Module._extensions..js (node:internal/modules/cjs/loader:1310:10)
    at Object.require.extensions.<computed> [as .ts] (/Users/i/Documents/TraderApp codes/assets-service/node_modules/ts-node/src/index.ts:1621:12)
    at Module.load (node:internal/modules/cjs/loader:1119:32)
    at Function.Module._load (node:internal/modules/cjs/loader:960:12)
    at Module.require (node:internal/modules/cjs/loader:1143:19) [unkown-service] development 2024-01-01T13:45:54.870Z
[31merror[39m: uncaughtException: тип Unable to compile TypeScript:
[96msrc/config/database.ts[0m:[93m1[0m:[93m10[0m - [91merror[0m[90m TS2305: [0mModule '"@prisma/client"' has no exported member 'PrismaClient'.

[7m1[0m import { PrismaClient } from "@prisma/client";
[7m [0m [91m         ~~~~~~~~~~~~[0m

TSError: тип Unable to compile TypeScript:
[96msrc/config/database.ts[0m:[93m1[0m:[93m10[0m - [91merror[0m[90m TS2305: [0mModule '"@prisma/client"' has no exported member 'PrismaClient'.

[7m1[0m import { PrismaClient } from "@prisma/client";
[7m [0m [91m         ~~~~~~~~~~~~[0m

    at createTSError (/Users/i/Documents/TraderApp codes/assets-service/node_modules/ts-node/src/index.ts:859:12)
    at reportTSError (/Users/i/Documents/TraderApp codes/assets-service/node_modules/ts-node/src/index.ts:863:19)
    at getOutput (/Users/i/Documents/TraderApp codes/assets-service/node_modules/ts-node/src/index.ts:1077:36)
    at Object.compile (/Users/i/Documents/TraderApp codes/assets-service/node_modules/ts-node/src/index.ts:1433:41)
    at Module.m._compile (/Users/i/Documents/TraderApp codes/assets-service/node_modules/ts-node/src/index.ts:1617:30)
    at Module._extensions..js (node:internal/modules/cjs/loader:1310:10)
    at Object.require.extensions.<computed> [as .ts] (/Users/i/Documents/TraderApp codes/assets-service/node_modules/ts-node/src/index.ts:1621:12)
    at Module.load (node:internal/modules/cjs/loader:1119:32)
    at Function.Module._load (node:internal/modules/cjs/loader:960:12)
    at Module.require (node:internal/modules/cjs/loader:1143:19) [unkown-service] development 2024-01-01 14:48:37
error: uncaughtException: тип Unable to compile TypeScript:
[96msrc/config/database.ts[0m:[93m1[0m:[93m10[0m - [91merror[0m[90m TS2305: [0mModule '"@prisma/client"' has no exported member 'PrismaClient'.

[7m1[0m import { PrismaClient } from "@prisma/client";
[7m [0m [91m         ~~~~~~~~~~~~[0m

TSError: тип Unable to compile TypeScript:
[96msrc/config/database.ts[0m:[93m1[0m:[93m10[0m - [91merror[0m[90m TS2305: [0mModule '"@prisma/client"' has no exported member 'PrismaClient'.

[7m1[0m import { PrismaClient } from "@prisma/client";
[7m [0m [91m         ~~~~~~~~~~~~[0m

    at createTSError (/Users/i/Documents/TraderApp codes/assets-service/node_modules/ts-node/src/index.ts:859:12)
    at reportTSError (/Users/i/Documents/TraderApp codes/assets-service/node_modules/ts-node/src/index.ts:863:19)
    at getOutput (/Users/i/Documents/TraderApp codes/assets-service/node_modules/ts-node/src/index.ts:1077:36)
    at Object.compile (/Users/i/Documents/TraderApp codes/assets-service/node_modules/ts-node/src/index.ts:1433:41)
    at Module.m._compile (/Users/i/Documents/TraderApp codes/assets-service/node_modules/ts-node/src/index.ts:1617:30)
    at Module._extensions..js (node:internal/modules/cjs/loader:1310:10)
    at Object.require.extensions.<computed> [as .ts] (/Users/i/Documents/TraderApp codes/assets-service/node_modules/ts-node/src/index.ts:1621:12)
    at Module.load (node:internal/modules/cjs/loader:1119:32)
    at Function.Module._load (node:internal/modules/cjs/loader:960:12)
    at Module.require (node:internal/modules/cjs/loader:1143:19) [unkown-service] development 2024-01-01T13:48:37.830Z
[31merror[39m: uncaughtException: тип Unable to compile TypeScript:
[96msrc/config/database.ts[0m:[93m1[0m:[93m10[0m - [91merror[0m[90m TS2305: [0mModule '"@prisma/client"' has no exported member 'PrismaClient'.

[7m1[0m import { PrismaClient } from "@prisma/client";
[7m [0m [91m         ~~~~~~~~~~~~[0m

TSError: тип Unable to compile TypeScript:
[96msrc/config/database.ts[0m:[93m1[0m:[93m10[0m - [91merror[0m[90m TS2305: [0mModule '"@prisma/client"' has no exported member 'PrismaClient'.

[7m1[0m import { PrismaClient } from "@prisma/client";
[7m [0m [91m         ~~~~~~~~~~~~[0m

    at createTSError (/Users/i/Documents/TraderApp codes/assets-service/node_modules/ts-node/src/index.ts:859:12)
    at reportTSError (/Users/i/Documents/TraderApp codes/assets-service/node_modules/ts-node/src/index.ts:863:19)
    at getOutput (/Users/i/Documents/TraderApp codes/assets-service/node_modules/ts-node/src/index.ts:1077:36)
    at Object.compile (/Users/i/Documents/TraderApp codes/assets-service/node_modules/ts-node/src/index.ts:1433:41)
    at Module.m._compile (/Users/i/Documents/TraderApp codes/assets-service/node_modules/ts-node/src/index.ts:1617:30)
    at Module._extensions..js (node:internal/modules/cjs/loader:1310:10)
    at Object.require.extensions.<computed> [as .ts] (/Users/i/Documents/TraderApp codes/assets-service/node_modules/ts-node/src/index.ts:1621:12)
    at Module.load (node:internal/modules/cjs/loader:1119:32)
    at Function.Module._load (node:internal/modules/cjs/loader:960:12)
    at Module.require (node:internal/modules/cjs/loader:1143:19) [unkown-service] development 2024-01-01 14:48:43
error: uncaughtException: тип Unable to compile TypeScript:
[96msrc/config/database.ts[0m:[93m1[0m:[93m10[0m - [91merror[0m[90m TS2305: [0mModule '"@prisma/client"' has no exported member 'PrismaClient'.

[7m1[0m import { PrismaClient } from "@prisma/client";
[7m [0m [91m         ~~~~~~~~~~~~[0m

TSError: тип Unable to compile TypeScript:
[96msrc/config/database.ts[0m:[93m1[0m:[93m10[0m - [91merror[0m[90m TS2305: [0mModule '"@prisma/client"' has no exported member 'PrismaClient'.

[7m1[0m import { PrismaClient } from "@prisma/client";
[7m [0m [91m         ~~~~~~~~~~~~[0m

    at createTSError (/Users/i/Documents/TraderApp codes/assets-service/node_modules/ts-node/src/index.ts:859:12)
    at reportTSError (/Users/i/Documents/TraderApp codes/assets-service/node_modules/ts-node/src/index.ts:863:19)
    at getOutput (/Users/i/Documents/TraderApp codes/assets-service/node_modules/ts-node/src/index.ts:1077:36)
    at Object.compile (/Users/i/Documents/TraderApp codes/assets-service/node_modules/ts-node/src/index.ts:1433:41)
    at Module.m._compile (/Users/i/Documents/TraderApp codes/assets-service/node_modules/ts-node/src/index.ts:1617:30)
    at Module._extensions..js (node:internal/modules/cjs/loader:1310:10)
    at Object.require.extensions.<computed> [as .ts] (/Users/i/Documents/TraderApp codes/assets-service/node_modules/ts-node/src/index.ts:1621:12)
    at Module.load (node:internal/modules/cjs/loader:1119:32)
    at Function.Module._load (node:internal/modules/cjs/loader:960:12)
    at Module.require (node:internal/modules/cjs/loader:1143:19) [unkown-service] development 2024-01-01T13:48:43.323Z
[31merror[39m: uncaughtException: Could not load credentials from any providers
CredentialsProviderError: Could not load credentials from any providers
    at /Users/i/Documents/TraderApp codes/assets-service/node_modules/@aws-sdk/credential-provider-node/dist-cjs/defaultProvider.js:13:11
    at /Users/i/Documents/TraderApp codes/assets-service/node_modules/@smithy/property-provider/dist-cjs/chain.js:12:39
    at processTicksAndRejections (node:internal/process/task_queues:95:5) [unkown-service] development 2024-01-01 14:57:05
error: uncaughtException: Could not load credentials from any providers
CredentialsProviderError: Could not load credentials from any providers
    at /Users/i/Documents/TraderApp codes/assets-service/node_modules/@aws-sdk/credential-provider-node/dist-cjs/defaultProvider.js:13:11
    at /Users/i/Documents/TraderApp codes/assets-service/node_modules/@smithy/property-provider/dist-cjs/chain.js:12:39
    at processTicksAndRejections (node:internal/process/task_queues:95:5) [unkown-service] development 2024-01-01T13:57:05.156Z
[31merror[39m: uncaughtException: Could not load credentials from any providers
CredentialsProviderError: Could not load credentials from any providers
    at /Users/i/Documents/TraderApp codes/assets-service/node_modules/@aws-sdk/credential-provider-node/dist-cjs/defaultProvider.js:13:11
    at /Users/i/Documents/TraderApp codes/assets-service/node_modules/@smithy/property-provider/dist-cjs/chain.js:12:39
    at processTicksAndRejections (node:internal/process/task_queues:95:5) [unkown-service] development 2024-01-01 14:57:33
error: uncaughtException: Could not load credentials from any providers
CredentialsProviderError: Could not load credentials from any providers
    at /Users/i/Documents/TraderApp codes/assets-service/node_modules/@aws-sdk/credential-provider-node/dist-cjs/defaultProvider.js:13:11
    at /Users/i/Documents/TraderApp codes/assets-service/node_modules/@smithy/property-provider/dist-cjs/chain.js:12:39
    at processTicksAndRejections (node:internal/process/task_queues:95:5) [unkown-service] development 2024-01-01T13:57:33.550Z
[31merror[39m: uncaughtException: The string to be decoded is not correctly encoded.
InvalidCharacterError: The string to be decoded is not correctly encoded.
    at new DOMException (node:internal/per_context/domexception:53:5)
    at __node_internal_ (node:internal/util:520:10)
    at atob (node:buffer:1360:11)
    at new zt (/Users/i/Documents/TraderApp codes/assets-service/node_modules/@prisma/client/runtime/library.js:115:9135)
    at Fl (/Users/i/Documents/TraderApp codes/assets-service/node_modules/@prisma/client/runtime/library.js:117:2032)
    at new t (/Users/i/Documents/TraderApp codes/assets-service/node_modules/@prisma/client/runtime/library.js:130:4621)
    at /Users/i/Documents/TraderApp codes/assets-service/src/config/database.ts:11:7
    at Generator.next (<anonymous>)
    at /Users/i/Documents/TraderApp codes/assets-service/src/config/database.ts:8:71
    at new Promise (<anonymous>) [assets-service] development 2024-01-01 14:57:56
error: uncaughtException: The string to be decoded is not correctly encoded.
InvalidCharacterError: The string to be decoded is not correctly encoded.
    at new DOMException (node:internal/per_context/domexception:53:5)
    at __node_internal_ (node:internal/util:520:10)
    at atob (node:buffer:1360:11)
    at new zt (/Users/i/Documents/TraderApp codes/assets-service/node_modules/@prisma/client/runtime/library.js:115:9135)
    at Fl (/Users/i/Documents/TraderApp codes/assets-service/node_modules/@prisma/client/runtime/library.js:117:2032)
    at new t (/Users/i/Documents/TraderApp codes/assets-service/node_modules/@prisma/client/runtime/library.js:130:4621)
    at /Users/i/Documents/TraderApp codes/assets-service/src/config/database.ts:11:7
    at Generator.next (<anonymous>)
    at /Users/i/Documents/TraderApp codes/assets-service/src/config/database.ts:8:71
    at new Promise (<anonymous>) [assets-service] development 2024-01-01T13:57:56.112Z
[31merror[39m: uncaughtException: The string to be decoded is not correctly encoded.
InvalidCharacterError: The string to be decoded is not correctly encoded.
    at new DOMException (node:internal/per_context/domexception:53:5)
    at __node_internal_ (node:internal/util:520:10)
    at atob (node:buffer:1360:11)
    at new zt (/Users/i/Documents/TraderApp codes/assets-service/node_modules/@prisma/client/runtime/library.js:115:9135)
    at Fl (/Users/i/Documents/TraderApp codes/assets-service/node_modules/@prisma/client/runtime/library.js:117:2032)
    at new t (/Users/i/Documents/TraderApp codes/assets-service/node_modules/@prisma/client/runtime/library.js:130:4621)
    at /Users/i/Documents/TraderApp codes/assets-service/src/config/database.ts:11:7
    at Generator.next (<anonymous>)
    at /Users/i/Documents/TraderApp codes/assets-service/src/config/database.ts:8:71
    at new Promise (<anonymous>) [assets-service] staging 2024-01-01 14:59:10
error: uncaughtException: The string to be decoded is not correctly encoded.
InvalidCharacterError: The string to be decoded is not correctly encoded.
    at new DOMException (node:internal/per_context/domexception:53:5)
    at __node_internal_ (node:internal/util:520:10)
    at atob (node:buffer:1360:11)
    at new zt (/Users/i/Documents/TraderApp codes/assets-service/node_modules/@prisma/client/runtime/library.js:115:9135)
    at Fl (/Users/i/Documents/TraderApp codes/assets-service/node_modules/@prisma/client/runtime/library.js:117:2032)
    at new t (/Users/i/Documents/TraderApp codes/assets-service/node_modules/@prisma/client/runtime/library.js:130:4621)
    at /Users/i/Documents/TraderApp codes/assets-service/src/config/database.ts:11:7
    at Generator.next (<anonymous>)
    at /Users/i/Documents/TraderApp codes/assets-service/src/config/database.ts:8:71
    at new Promise (<anonymous>) [assets-service] staging 2024-01-01T13:59:10.497Z
[31merror[39m: uncaughtException: The string to be decoded is not correctly encoded.
InvalidCharacterError: The string to be decoded is not correctly encoded.
    at new DOMException (node:internal/per_context/domexception:53:5)
    at __node_internal_ (node:internal/util:520:10)
    at atob (node:buffer:1360:11)
    at new zt (/Users/i/Documents/TraderApp codes/assets-service/node_modules/@prisma/client/runtime/library.js:115:9135)
    at Fl (/Users/i/Documents/TraderApp codes/assets-service/node_modules/@prisma/client/runtime/library.js:117:2032)
    at new t (/Users/i/Documents/TraderApp codes/assets-service/node_modules/@prisma/client/runtime/library.js:130:4621)
    at /Users/i/Documents/TraderApp codes/assets-service/src/config/database.ts:11:7
    at Generator.next (<anonymous>)
    at /Users/i/Documents/TraderApp codes/assets-service/src/config/database.ts:8:71
    at new Promise (<anonymous>) [assets-service] development 2024-01-01 15:07:16
error: uncaughtException: The string to be decoded is not correctly encoded.
InvalidCharacterError: The string to be decoded is not correctly encoded.
    at new DOMException (node:internal/per_context/domexception:53:5)
    at __node_internal_ (node:internal/util:520:10)
    at atob (node:buffer:1360:11)
    at new zt (/Users/i/Documents/TraderApp codes/assets-service/node_modules/@prisma/client/runtime/library.js:115:9135)
    at Fl (/Users/i/Documents/TraderApp codes/assets-service/node_modules/@prisma/client/runtime/library.js:117:2032)
    at new t (/Users/i/Documents/TraderApp codes/assets-service/node_modules/@prisma/client/runtime/library.js:130:4621)
    at /Users/i/Documents/TraderApp codes/assets-service/src/config/database.ts:11:7
    at Generator.next (<anonymous>)
    at /Users/i/Documents/TraderApp codes/assets-service/src/config/database.ts:8:71
    at new Promise (<anonymous>) [assets-service] development 2024-01-01T14:07:16.119Z
[31merror[39m: uncaughtException: The string to be decoded is not correctly encoded.
InvalidCharacterError: The string to be decoded is not correctly encoded.
    at new DOMException (node:internal/per_context/domexception:53:5)
    at __node_internal_ (node:internal/util:520:10)
    at atob (node:buffer:1360:11)
    at new zt (/Users/i/Documents/TraderApp codes/assets-service/node_modules/@prisma/client/runtime/library.js:115:9135)
    at Fl (/Users/i/Documents/TraderApp codes/assets-service/node_modules/@prisma/client/runtime/library.js:117:2032)
    at new t (/Users/i/Documents/TraderApp codes/assets-service/node_modules/@prisma/client/runtime/library.js:130:4621)
    at /Users/i/Documents/TraderApp codes/assets-service/src/config/database.ts:11:7
    at Generator.next (<anonymous>)
    at /Users/i/Documents/TraderApp codes/assets-service/src/config/database.ts:8:71
    at new Promise (<anonymous>) [assets-service] development 2024-01-01 21:48:46
error: uncaughtException: The string to be decoded is not correctly encoded.
InvalidCharacterError: The string to be decoded is not correctly encoded.
    at new DOMException (node:internal/per_context/domexception:53:5)
    at __node_internal_ (node:internal/util:520:10)
    at atob (node:buffer:1360:11)
    at new zt (/Users/i/Documents/TraderApp codes/assets-service/node_modules/@prisma/client/runtime/library.js:115:9135)
    at Fl (/Users/i/Documents/TraderApp codes/assets-service/node_modules/@prisma/client/runtime/library.js:117:2032)
    at new t (/Users/i/Documents/TraderApp codes/assets-service/node_modules/@prisma/client/runtime/library.js:130:4621)
    at /Users/i/Documents/TraderApp codes/assets-service/src/config/database.ts:11:7
    at Generator.next (<anonymous>)
    at /Users/i/Documents/TraderApp codes/assets-service/src/config/database.ts:8:71
    at new Promise (<anonymous>) [assets-service] development 2024-01-01T20:48:46.366Z
[31merror[39m: uncaughtException: тип Unable to compile TypeScript:
[96msrc/controllers/ExchangeController.ts[0m:[93m71[0m:[93m4[0m - [91merror[0m[90m TS2783: [0m'id' is specified more than once, so this usage will be overwritten.

[7m71[0m    id: exchange.id,
[7m  [0m [91m   ~~~~~~~~~~~~~~~[0m

  [96msrc/controllers/ExchangeController.ts[0m:[93m72[0m:[93m4[0m
    [7m72[0m    ...exchange,
    [7m  [0m [96m   ~~~~~~~~~~~[0m
    This spread always overwrites this property.
[96msrc/controllers/ExchangeController.ts[0m:[93m76[0m:[93m53[0m - [91merror[0m[90m TS2304: [0mCannot find name 'parsedExchange'.

[7m76[0m   res.status(200).json(apiResponseHandler({ object: parsedExchange }));
[7m  [0m [91m                                                    ~~~~~~~~~~~~~~[0m

TSError: тип Unable to compile TypeScript:
[96msrc/controllers/ExchangeController.ts[0m:[93m71[0m:[93m4[0m - [91merror[0m[90m TS2783: [0m'id' is specified more than once, so this usage will be overwritten.

[7m71[0m    id: exchange.id,
[7m  [0m [91m   ~~~~~~~~~~~~~~~[0m

  [96msrc/controllers/ExchangeController.ts[0m:[93m72[0m:[93m4[0m
    [7m72[0m    ...exchange,
    [7m  [0m [96m   ~~~~~~~~~~~[0m
    This spread always overwrites this property.
[96msrc/controllers/ExchangeController.ts[0m:[93m76[0m:[93m53[0m - [91merror[0m[90m TS2304: [0mCannot find name 'parsedExchange'.

[7m76[0m   res.status(200).json(apiResponseHandler({ object: parsedExchange }));
[7m  [0m [91m                                                    ~~~~~~~~~~~~~~[0m

    at createTSError (C:\Users\ChineseChikki\Documents\GitHub\App-Trader\assets-service\node_modules\ts-node\src\index.ts:859:12)
    at reportTSError (C:\Users\ChineseChikki\Documents\GitHub\App-Trader\assets-service\node_modules\ts-node\src\index.ts:863:19)
    at getOutput (C:\Users\ChineseChikki\Documents\GitHub\App-Trader\assets-service\node_modules\ts-node\src\index.ts:1077:36)
    at Object.compile (C:\Users\ChineseChikki\Documents\GitHub\App-Trader\assets-service\node_modules\ts-node\src\index.ts:1433:41)
    at Module.m._compile (C:\Users\ChineseChikki\Documents\GitHub\App-Trader\assets-service\node_modules\ts-node\src\index.ts:1617:30)
    at Module._extensions..js (node:internal/modules/cjs/loader:1159:10)
    at Object.require.extensions.<computed> [as .ts] (C:\Users\ChineseChikki\Documents\GitHub\App-Trader\assets-service\node_modules\ts-node\src\index.ts:1621:12)
    at Module.load (node:internal/modules/cjs/loader:981:32)
    at Function.Module._load (node:internal/modules/cjs/loader:822:12)
    at Module.require (node:internal/modules/cjs/loader:1005:19) [assets-service] development 2024-01-19 17:03:58
error: uncaughtException: тип Unable to compile TypeScript:
[96msrc/controllers/ExchangeController.ts[0m:[93m71[0m:[93m4[0m - [91merror[0m[90m TS2783: [0m'id' is specified more than once, so this usage will be overwritten.

[7m71[0m    id: exchange.id,
[7m  [0m [91m   ~~~~~~~~~~~~~~~[0m

  [96msrc/controllers/ExchangeController.ts[0m:[93m72[0m:[93m4[0m
    [7m72[0m    ...exchange,
    [7m  [0m [96m   ~~~~~~~~~~~[0m
    This spread always overwrites this property.
[96msrc/controllers/ExchangeController.ts[0m:[93m76[0m:[93m53[0m - [91merror[0m[90m TS2304: [0mCannot find name 'parsedExchange'.

[7m76[0m   res.status(200).json(apiResponseHandler({ object: parsedExchange }));
[7m  [0m [91m                                                    ~~~~~~~~~~~~~~[0m

TSError: тип Unable to compile TypeScript:
[96msrc/controllers/ExchangeController.ts[0m:[93m71[0m:[93m4[0m - [91merror[0m[90m TS2783: [0m'id' is specified more than once, so this usage will be overwritten.

[7m71[0m    id: exchange.id,
[7m  [0m [91m   ~~~~~~~~~~~~~~~[0m

  [96msrc/controllers/ExchangeController.ts[0m:[93m72[0m:[93m4[0m
    [7m72[0m    ...exchange,
    [7m  [0m [96m   ~~~~~~~~~~~[0m
    This spread always overwrites this property.
[96msrc/controllers/ExchangeController.ts[0m:[93m76[0m:[93m53[0m - [91merror[0m[90m TS2304: [0mCannot find name 'parsedExchange'.

[7m76[0m   res.status(200).json(apiResponseHandler({ object: parsedExchange }));
[7m  [0m [91m                                                    ~~~~~~~~~~~~~~[0m

    at createTSError (C:\Users\ChineseChikki\Documents\GitHub\App-Trader\assets-service\node_modules\ts-node\src\index.ts:859:12)
    at reportTSError (C:\Users\ChineseChikki\Documents\GitHub\App-Trader\assets-service\node_modules\ts-node\src\index.ts:863:19)
    at getOutput (C:\Users\ChineseChikki\Documents\GitHub\App-Trader\assets-service\node_modules\ts-node\src\index.ts:1077:36)
    at Object.compile (C:\Users\ChineseChikki\Documents\GitHub\App-Trader\assets-service\node_modules\ts-node\src\index.ts:1433:41)
    at Module.m._compile (C:\Users\ChineseChikki\Documents\GitHub\App-Trader\assets-service\node_modules\ts-node\src\index.ts:1617:30)
    at Module._extensions..js (node:internal/modules/cjs/loader:1159:10)
    at Object.require.extensions.<computed> [as .ts] (C:\Users\ChineseChikki\Documents\GitHub\App-Trader\assets-service\node_modules\ts-node\src\index.ts:1621:12)
    at Module.load (node:internal/modules/cjs/loader:981:32)
    at Function.Module._load (node:internal/modules/cjs/loader:822:12)
    at Module.require (node:internal/modules/cjs/loader:1005:19) [assets-service] development 2024-01-19T16:03:58.642Z
[31merror[39m: uncaughtException: тип Unable to compile TypeScript:
[96msrc/routes/ExchangeRoutes.ts[0m:[93m2[0m:[93m10[0m - [91merror[0m[90m TS2305: [0mModule '"../controllers/ExchangeController"' has no exported member 'exchangesHandler'.

[7m2[0m import { exchangesHandler, getExchangeByIdHandler } from "../controllers/ExchangeController";
[7m [0m [91m         ~~~~~~~~~~~~~~~~[0m

TSError: тип Unable to compile TypeScript:
[96msrc/routes/ExchangeRoutes.ts[0m:[93m2[0m:[93m10[0m - [91merror[0m[90m TS2305: [0mModule '"../controllers/ExchangeController"' has no exported member 'exchangesHandler'.

[7m2[0m import { exchangesHandler, getExchangeByIdHandler } from "../controllers/ExchangeController";
[7m [0m [91m         ~~~~~~~~~~~~~~~~[0m

    at createTSError (C:\Users\ChineseChikki\Documents\GitHub\App-Trader\assets-service\node_modules\ts-node\src\index.ts:859:12)
    at reportTSError (C:\Users\ChineseChikki\Documents\GitHub\App-Trader\assets-service\node_modules\ts-node\src\index.ts:863:19)
    at getOutput (C:\Users\ChineseChikki\Documents\GitHub\App-Trader\assets-service\node_modules\ts-node\src\index.ts:1077:36)
    at Object.compile (C:\Users\ChineseChikki\Documents\GitHub\App-Trader\assets-service\node_modules\ts-node\src\index.ts:1433:41)
    at Module.m._compile (C:\Users\ChineseChikki\Documents\GitHub\App-Trader\assets-service\node_modules\ts-node\src\index.ts:1617:30)
    at Module._extensions..js (node:internal/modules/cjs/loader:1159:10)
    at Object.require.extensions.<computed> [as .ts] (C:\Users\ChineseChikki\Documents\GitHub\App-Trader\assets-service\node_modules\ts-node\src\index.ts:1621:12)
    at Module.load (node:internal/modules/cjs/loader:981:32)
    at Function.Module._load (node:internal/modules/cjs/loader:822:12)
    at Module.require (node:internal/modules/cjs/loader:1005:19) [assets-service] development 2024-01-19 17:14:43
error: uncaughtException: тип Unable to compile TypeScript:
[96msrc/routes/ExchangeRoutes.ts[0m:[93m2[0m:[93m10[0m - [91merror[0m[90m TS2305: [0mModule '"../controllers/ExchangeController"' has no exported member 'exchangesHandler'.

[7m2[0m import { exchangesHandler, getExchangeByIdHandler } from "../controllers/ExchangeController";
[7m [0m [91m         ~~~~~~~~~~~~~~~~[0m

TSError: тип Unable to compile TypeScript:
[96msrc/routes/ExchangeRoutes.ts[0m:[93m2[0m:[93m10[0m - [91merror[0m[90m TS2305: [0mModule '"../controllers/ExchangeController"' has no exported member 'exchangesHandler'.

[7m2[0m import { exchangesHandler, getExchangeByIdHandler } from "../controllers/ExchangeController";
[7m [0m [91m         ~~~~~~~~~~~~~~~~[0m

    at createTSError (C:\Users\ChineseChikki\Documents\GitHub\App-Trader\assets-service\node_modules\ts-node\src\index.ts:859:12)
    at reportTSError (C:\Users\ChineseChikki\Documents\GitHub\App-Trader\assets-service\node_modules\ts-node\src\index.ts:863:19)
    at getOutput (C:\Users\ChineseChikki\Documents\GitHub\App-Trader\assets-service\node_modules\ts-node\src\index.ts:1077:36)
    at Object.compile (C:\Users\ChineseChikki\Documents\GitHub\App-Trader\assets-service\node_modules\ts-node\src\index.ts:1433:41)
    at Module.m._compile (C:\Users\ChineseChikki\Documents\GitHub\App-Trader\assets-service\node_modules\ts-node\src\index.ts:1617:30)
    at Module._extensions..js (node:internal/modules/cjs/loader:1159:10)
    at Object.require.extensions.<computed> [as .ts] (C:\Users\ChineseChikki\Documents\GitHub\App-Trader\assets-service\node_modules\ts-node\src\index.ts:1621:12)
    at Module.load (node:internal/modules/cjs/loader:981:32)
    at Function.Module._load (node:internal/modules/cjs/loader:822:12)
    at Module.require (node:internal/modules/cjs/loader:1005:19) [assets-service] development 2024-01-19T16:14:43.438Z
error: uncaughtException: тип Unable to compile TypeScript:
[96msrc/controllers/ExchangeController.ts[0m:[93m4[0m:[93m10[0m - [91merror[0m[90m TS2724: [0m'"../helpers/interfaces/pageResult"' has no exported member named 'IExchangeResultData'. Did you mean 'IPagedResultData'?

[7m4[0m import { IExchangeResultData } from "../helpers/interfaces/pageResult";
[7m [0m [91m         ~~~~~~~~~~~~~~~~~~~[0m

TSError: тип Unable to compile TypeScript:
[96msrc/controllers/ExchangeController.ts[0m:[93m4[0m:[93m10[0m - [91merror[0m[90m TS2724: [0m'"../helpers/interfaces/pageResult"' has no exported member named 'IExchangeResultData'. Did you mean 'IPagedResultData'?

[7m4[0m import { IExchangeResultData } from "../helpers/interfaces/pageResult";
[7m [0m [91m         ~~~~~~~~~~~~~~~~~~~[0m

    at createTSError (C:\Users\ChineseChikki\Documents\GitHub\App-Trader\assets-service\node_modules\ts-node\src\index.ts:859:12)
    at reportTSError (C:\Users\ChineseChikki\Documents\GitHub\App-Trader\assets-service\node_modules\ts-node\src\index.ts:863:19)
    at getOutput (C:\Users\ChineseChikki\Documents\GitHub\App-Trader\assets-service\node_modules\ts-node\src\index.ts:1077:36)
    at Object.compile (C:\Users\ChineseChikki\Documents\GitHub\App-Trader\assets-service\node_modules\ts-node\src\index.ts:1433:41)
    at Module.m._compile (C:\Users\ChineseChikki\Documents\GitHub\App-Trader\assets-service\node_modules\ts-node\src\index.ts:1617:30)
    at Module._extensions..js (node:internal/modules/cjs/loader:1159:10)
    at Object.require.extensions.<computed> [as .ts] (C:\Users\ChineseChikki\Documents\GitHub\App-Trader\assets-service\node_modules\ts-node\src\index.ts:1621:12)
    at Module.load (node:internal/modules/cjs/loader:981:32)
    at Function.Module._load (node:internal/modules/cjs/loader:822:12)
    at Module.require (node:internal/modules/cjs/loader:1005:19) [assets-service] development 2024-01-19T16:23:00.973Z
[31merror[39m: uncaughtException: тип Unable to compile TypeScript:
[96msrc/controllers/ExchangeController.ts[0m:[93m4[0m:[93m10[0m - [91merror[0m[90m TS2724: [0m'"../helpers/interfaces/pageResult"' has no exported member named 'IExchangeResultData'. Did you mean 'IPagedResultData'?

[7m4[0m import { IExchangeResultData } from "../helpers/interfaces/pageResult";
[7m [0m [91m         ~~~~~~~~~~~~~~~~~~~[0m

TSError: тип Unable to compile TypeScript:
[96msrc/controllers/ExchangeController.ts[0m:[93m4[0m:[93m10[0m - [91merror[0m[90m TS2724: [0m'"../helpers/interfaces/pageResult"' has no exported member named 'IExchangeResultData'. Did you mean 'IPagedResultData'?

[7m4[0m import { IExchangeResultData } from "../helpers/interfaces/pageResult";
[7m [0m [91m         ~~~~~~~~~~~~~~~~~~~[0m

    at createTSError (C:\Users\ChineseChikki\Documents\GitHub\App-Trader\assets-service\node_modules\ts-node\src\index.ts:859:12)
    at reportTSError (C:\Users\ChineseChikki\Documents\GitHub\App-Trader\assets-service\node_modules\ts-node\src\index.ts:863:19)
    at getOutput (C:\Users\ChineseChikki\Documents\GitHub\App-Trader\assets-service\node_modules\ts-node\src\index.ts:1077:36)
    at Object.compile (C:\Users\ChineseChikki\Documents\GitHub\App-Trader\assets-service\node_modules\ts-node\src\index.ts:1433:41)
    at Module.m._compile (C:\Users\ChineseChikki\Documents\GitHub\App-Trader\assets-service\node_modules\ts-node\src\index.ts:1617:30)
    at Module._extensions..js (node:internal/modules/cjs/loader:1159:10)
    at Object.require.extensions.<computed> [as .ts] (C:\Users\ChineseChikki\Documents\GitHub\App-Trader\assets-service\node_modules\ts-node\src\index.ts:1621:12)
    at Module.load (node:internal/modules/cjs/loader:981:32)
    at Function.Module._load (node:internal/modules/cjs/loader:822:12)
    at Module.require (node:internal/modules/cjs/loader:1005:19) [assets-service] development 2024-01-19 17:23:00
[31merror[39m: uncaughtException: The security token included in the request is invalid.
UnrecognizedClientException: The security token included in the request is invalid.
    at throwDefaultError (C:\Users\ChineseChikki\Documents\GitHub\App-Trader\assets-service\node_modules\@smithy\smithy-client\dist-cjs\default-error-handler.js:8:22)
    at C:\Users\ChineseChikki\Documents\GitHub\App-Trader\assets-service\node_modules\@smithy\smithy-client\dist-cjs\default-error-handler.js:18:39
    at de_GetSecretValueCommandError (C:\Users\ChineseChikki\Documents\GitHub\App-Trader\assets-service\node_modules\@aws-sdk\client-secrets-manager\dist-cjs\protocols\Aws_json1_1.js:562:20)
    at processTicksAndRejections (node:internal/process/task_queues:96:5)
    at async C:\Users\ChineseChikki\Documents\GitHub\App-Trader\assets-service\node_modules\@smithy\middleware-serde\dist-cjs\deserializerMiddleware.js:7:24
    at async C:\Users\ChineseChikki\Documents\GitHub\App-Trader\assets-service\node_modules\@aws-sdk\middleware-signing\dist-cjs\awsAuthMiddleware.js:30:20
    at async C:\Users\ChineseChikki\Documents\GitHub\App-Trader\assets-service\node_modules\@smithy\middleware-retry\dist-cjs\retryMiddleware.js:31:46
    at async C:\Users\ChineseChikki\Documents\GitHub\App-Trader\assets-service\node_modules\@aws-sdk\middleware-logger\dist-cjs\loggerMiddleware.js:7:26 [assets-service] development 2024-01-23 16:27:37
error: uncaughtException: The security token included in the request is invalid.
UnrecognizedClientException: The security token included in the request is invalid.
    at throwDefaultError (C:\Users\ChineseChikki\Documents\GitHub\App-Trader\assets-service\node_modules\@smithy\smithy-client\dist-cjs\default-error-handler.js:8:22)
    at C:\Users\ChineseChikki\Documents\GitHub\App-Trader\assets-service\node_modules\@smithy\smithy-client\dist-cjs\default-error-handler.js:18:39
    at de_GetSecretValueCommandError (C:\Users\ChineseChikki\Documents\GitHub\App-Trader\assets-service\node_modules\@aws-sdk\client-secrets-manager\dist-cjs\protocols\Aws_json1_1.js:562:20)
    at processTicksAndRejections (node:internal/process/task_queues:96:5)
    at async C:\Users\ChineseChikki\Documents\GitHub\App-Trader\assets-service\node_modules\@smithy\middleware-serde\dist-cjs\deserializerMiddleware.js:7:24
    at async C:\Users\ChineseChikki\Documents\GitHub\App-Trader\assets-service\node_modules\@aws-sdk\middleware-signing\dist-cjs\awsAuthMiddleware.js:30:20
    at async C:\Users\ChineseChikki\Documents\GitHub\App-Trader\assets-service\node_modules\@smithy\middleware-retry\dist-cjs\retryMiddleware.js:31:46
    at async C:\Users\ChineseChikki\Documents\GitHub\App-Trader\assets-service\node_modules\@aws-sdk\middleware-logger\dist-cjs\loggerMiddleware.js:7:26 [assets-service] development 2024-01-23T15:27:37.848Z
[31merror[39m: uncaughtException: The security token included in the request is invalid.
UnrecognizedClientException: The security token included in the request is invalid.
    at throwDefaultError (C:\Users\ChineseChikki\Documents\GitHub\App-Trader\assets-service\node_modules\@smithy\smithy-client\dist-cjs\default-error-handler.js:8:22)
    at C:\Users\ChineseChikki\Documents\GitHub\App-Trader\assets-service\node_modules\@smithy\smithy-client\dist-cjs\default-error-handler.js:18:39
    at de_GetSecretValueCommandError (C:\Users\ChineseChikki\Documents\GitHub\App-Trader\assets-service\node_modules\@aws-sdk\client-secrets-manager\dist-cjs\protocols\Aws_json1_1.js:562:20)
    at processTicksAndRejections (node:internal/process/task_queues:96:5)
    at async C:\Users\ChineseChikki\Documents\GitHub\App-Trader\assets-service\node_modules\@smithy\middleware-serde\dist-cjs\deserializerMiddleware.js:7:24
    at async C:\Users\ChineseChikki\Documents\GitHub\App-Trader\assets-service\node_modules\@aws-sdk\middleware-signing\dist-cjs\awsAuthMiddleware.js:30:20
    at async C:\Users\ChineseChikki\Documents\GitHub\App-Trader\assets-service\node_modules\@smithy\middleware-retry\dist-cjs\retryMiddleware.js:31:46
    at async C:\Users\ChineseChikki\Documents\GitHub\App-Trader\assets-service\node_modules\@aws-sdk\middleware-logger\dist-cjs\loggerMiddleware.js:7:26 [assets-service] development 2024-01-23 16:28:32
error: uncaughtException: The security token included in the request is invalid.
UnrecognizedClientException: The security token included in the request is invalid.
    at throwDefaultError (C:\Users\ChineseChikki\Documents\GitHub\App-Trader\assets-service\node_modules\@smithy\smithy-client\dist-cjs\default-error-handler.js:8:22)
    at C:\Users\ChineseChikki\Documents\GitHub\App-Trader\assets-service\node_modules\@smithy\smithy-client\dist-cjs\default-error-handler.js:18:39
    at de_GetSecretValueCommandError (C:\Users\ChineseChikki\Documents\GitHub\App-Trader\assets-service\node_modules\@aws-sdk\client-secrets-manager\dist-cjs\protocols\Aws_json1_1.js:562:20)
    at processTicksAndRejections (node:internal/process/task_queues:96:5)
    at async C:\Users\ChineseChikki\Documents\GitHub\App-Trader\assets-service\node_modules\@smithy\middleware-serde\dist-cjs\deserializerMiddleware.js:7:24
    at async C:\Users\ChineseChikki\Documents\GitHub\App-Trader\assets-service\node_modules\@aws-sdk\middleware-signing\dist-cjs\awsAuthMiddleware.js:30:20
    at async C:\Users\ChineseChikki\Documents\GitHub\App-Trader\assets-service\node_modules\@smithy\middleware-retry\dist-cjs\retryMiddleware.js:31:46
    at async C:\Users\ChineseChikki\Documents\GitHub\App-Trader\assets-service\node_modules\@aws-sdk\middleware-logger\dist-cjs\loggerMiddleware.js:7:26 [assets-service] development 2024-01-23T15:28:32.477Z
[31merror[39m: uncaughtException: The security token included in the request is invalid.
UnrecognizedClientException: The security token included in the request is invalid.
    at throwDefaultError (C:\Users\ChineseChikki\Documents\GitHub\App-Trader\assets-service\node_modules\@smithy\smithy-client\dist-cjs\default-error-handler.js:8:22)
    at C:\Users\ChineseChikki\Documents\GitHub\App-Trader\assets-service\node_modules\@smithy\smithy-client\dist-cjs\default-error-handler.js:18:39
    at de_GetSecretValueCommandError (C:\Users\ChineseChikki\Documents\GitHub\App-Trader\assets-service\node_modules\@aws-sdk\client-secrets-manager\dist-cjs\protocols\Aws_json1_1.js:562:20)
    at processTicksAndRejections (node:internal/process/task_queues:96:5)
    at async C:\Users\ChineseChikki\Documents\GitHub\App-Trader\assets-service\node_modules\@smithy\middleware-serde\dist-cjs\deserializerMiddleware.js:7:24
    at async C:\Users\ChineseChikki\Documents\GitHub\App-Trader\assets-service\node_modules\@aws-sdk\middleware-signing\dist-cjs\awsAuthMiddleware.js:30:20
    at async C:\Users\ChineseChikki\Documents\GitHub\App-Trader\assets-service\node_modules\@smithy\middleware-retry\dist-cjs\retryMiddleware.js:31:46
    at async C:\Users\ChineseChikki\Documents\GitHub\App-Trader\assets-service\node_modules\@aws-sdk\middleware-logger\dist-cjs\loggerMiddleware.js:7:26 [assets-service] development 2024-01-23 16:29:20
error: uncaughtException: The security token included in the request is invalid.
UnrecognizedClientException: The security token included in the request is invalid.
    at throwDefaultError (C:\Users\ChineseChikki\Documents\GitHub\App-Trader\assets-service\node_modules\@smithy\smithy-client\dist-cjs\default-error-handler.js:8:22)
    at C:\Users\ChineseChikki\Documents\GitHub\App-Trader\assets-service\node_modules\@smithy\smithy-client\dist-cjs\default-error-handler.js:18:39
    at de_GetSecretValueCommandError (C:\Users\ChineseChikki\Documents\GitHub\App-Trader\assets-service\node_modules\@aws-sdk\client-secrets-manager\dist-cjs\protocols\Aws_json1_1.js:562:20)
    at processTicksAndRejections (node:internal/process/task_queues:96:5)
    at async C:\Users\ChineseChikki\Documents\GitHub\App-Trader\assets-service\node_modules\@smithy\middleware-serde\dist-cjs\deserializerMiddleware.js:7:24
    at async C:\Users\ChineseChikki\Documents\GitHub\App-Trader\assets-service\node_modules\@aws-sdk\middleware-signing\dist-cjs\awsAuthMiddleware.js:30:20
    at async C:\Users\ChineseChikki\Documents\GitHub\App-Trader\assets-service\node_modules\@smithy\middleware-retry\dist-cjs\retryMiddleware.js:31:46
    at async C:\Users\ChineseChikki\Documents\GitHub\App-Trader\assets-service\node_modules\@aws-sdk\middleware-logger\dist-cjs\loggerMiddleware.js:7:26 [assets-service] development 2024-01-23T15:29:20.354Z
[31merror[39m: uncaughtException: The security token included in the request is invalid.
UnrecognizedClientException: The security token included in the request is invalid.
    at throwDefaultError (C:\Users\ChineseChikki\Documents\GitHub\App-Trader\assets-service\node_modules\@smithy\smithy-client\dist-cjs\default-error-handler.js:8:22)
    at C:\Users\ChineseChikki\Documents\GitHub\App-Trader\assets-service\node_modules\@smithy\smithy-client\dist-cjs\default-error-handler.js:18:39
    at de_GetSecretValueCommandError (C:\Users\ChineseChikki\Documents\GitHub\App-Trader\assets-service\node_modules\@aws-sdk\client-secrets-manager\dist-cjs\protocols\Aws_json1_1.js:562:20)
    at processTicksAndRejections (node:internal/process/task_queues:96:5)
    at async C:\Users\ChineseChikki\Documents\GitHub\App-Trader\assets-service\node_modules\@smithy\middleware-serde\dist-cjs\deserializerMiddleware.js:7:24
    at async C:\Users\ChineseChikki\Documents\GitHub\App-Trader\assets-service\node_modules\@aws-sdk\middleware-signing\dist-cjs\awsAuthMiddleware.js:30:20
    at async C:\Users\ChineseChikki\Documents\GitHub\App-Trader\assets-service\node_modules\@smithy\middleware-retry\dist-cjs\retryMiddleware.js:31:46
    at async C:\Users\ChineseChikki\Documents\GitHub\App-Trader\assets-service\node_modules\@aws-sdk\middleware-logger\dist-cjs\loggerMiddleware.js:7:26 [assets-service] development 2024-01-23 16:34:44
error: uncaughtException: The security token included in the request is invalid.
UnrecognizedClientException: The security token included in the request is invalid.
    at throwDefaultError (C:\Users\ChineseChikki\Documents\GitHub\App-Trader\assets-service\node_modules\@smithy\smithy-client\dist-cjs\default-error-handler.js:8:22)
    at C:\Users\ChineseChikki\Documents\GitHub\App-Trader\assets-service\node_modules\@smithy\smithy-client\dist-cjs\default-error-handler.js:18:39
    at de_GetSecretValueCommandError (C:\Users\ChineseChikki\Documents\GitHub\App-Trader\assets-service\node_modules\@aws-sdk\client-secrets-manager\dist-cjs\protocols\Aws_json1_1.js:562:20)
    at processTicksAndRejections (node:internal/process/task_queues:96:5)
    at async C:\Users\ChineseChikki\Documents\GitHub\App-Trader\assets-service\node_modules\@smithy\middleware-serde\dist-cjs\deserializerMiddleware.js:7:24
    at async C:\Users\ChineseChikki\Documents\GitHub\App-Trader\assets-service\node_modules\@aws-sdk\middleware-signing\dist-cjs\awsAuthMiddleware.js:30:20
    at async C:\Users\ChineseChikki\Documents\GitHub\App-Trader\assets-service\node_modules\@smithy\middleware-retry\dist-cjs\retryMiddleware.js:31:46
    at async C:\Users\ChineseChikki\Documents\GitHub\App-Trader\assets-service\node_modules\@aws-sdk\middleware-logger\dist-cjs\loggerMiddleware.js:7:26 [assets-service] development 2024-01-23T15:34:44.503Z
[31merror[39m: uncaughtException: User: arn:aws:iam::575439814610:user/traderapp-chineye is not authorized to perform: secretsmanager:GetSecretValue on resource: common-secrets/dev because no identity-based policy allows the secretsmanager:GetSecretValue action
AccessDeniedException: User: arn:aws:iam::575439814610:user/traderapp-chineye is not authorized to perform: secretsmanager:GetSecretValue on resource: common-secrets/dev because no identity-based policy allows the secretsmanager:GetSecretValue action
    at throwDefaultError (C:\Users\ChineseChikki\Documents\GitHub\App-Trader\assets-service\node_modules\@smithy\smithy-client\dist-cjs\default-error-handler.js:8:22)
    at C:\Users\ChineseChikki\Documents\GitHub\App-Trader\assets-service\node_modules\@smithy\smithy-client\dist-cjs\default-error-handler.js:18:39
    at de_GetSecretValueCommandError (C:\Users\ChineseChikki\Documents\GitHub\App-Trader\assets-service\node_modules\@aws-sdk\client-secrets-manager\dist-cjs\protocols\Aws_json1_1.js:562:20)
    at processTicksAndRejections (node:internal/process/task_queues:96:5)
    at async C:\Users\ChineseChikki\Documents\GitHub\App-Trader\assets-service\node_modules\@smithy\middleware-serde\dist-cjs\deserializerMiddleware.js:7:24
    at async C:\Users\ChineseChikki\Documents\GitHub\App-Trader\assets-service\node_modules\@aws-sdk\middleware-signing\dist-cjs\awsAuthMiddleware.js:30:20
    at async C:\Users\ChineseChikki\Documents\GitHub\App-Trader\assets-service\node_modules\@smithy\middleware-retry\dist-cjs\retryMiddleware.js:31:46
    at async C:\Users\ChineseChikki\Documents\GitHub\App-Trader\assets-service\node_modules\@aws-sdk\middleware-logger\dist-cjs\loggerMiddleware.js:7:26 [assets-service] development 2024-01-23 16:48:00
error: uncaughtException: User: arn:aws:iam::575439814610:user/traderapp-chineye is not authorized to perform: secretsmanager:GetSecretValue on resource: common-secrets/dev because no identity-based policy allows the secretsmanager:GetSecretValue action
AccessDeniedException: User: arn:aws:iam::575439814610:user/traderapp-chineye is not authorized to perform: secretsmanager:GetSecretValue on resource: common-secrets/dev because no identity-based policy allows the secretsmanager:GetSecretValue action
    at throwDefaultError (C:\Users\ChineseChikki\Documents\GitHub\App-Trader\assets-service\node_modules\@smithy\smithy-client\dist-cjs\default-error-handler.js:8:22)
    at C:\Users\ChineseChikki\Documents\GitHub\App-Trader\assets-service\node_modules\@smithy\smithy-client\dist-cjs\default-error-handler.js:18:39
    at de_GetSecretValueCommandError (C:\Users\ChineseChikki\Documents\GitHub\App-Trader\assets-service\node_modules\@aws-sdk\client-secrets-manager\dist-cjs\protocols\Aws_json1_1.js:562:20)
    at processTicksAndRejections (node:internal/process/task_queues:96:5)
    at async C:\Users\ChineseChikki\Documents\GitHub\App-Trader\assets-service\node_modules\@smithy\middleware-serde\dist-cjs\deserializerMiddleware.js:7:24
    at async C:\Users\ChineseChikki\Documents\GitHub\App-Trader\assets-service\node_modules\@aws-sdk\middleware-signing\dist-cjs\awsAuthMiddleware.js:30:20
    at async C:\Users\ChineseChikki\Documents\GitHub\App-Trader\assets-service\node_modules\@smithy\middleware-retry\dist-cjs\retryMiddleware.js:31:46
    at async C:\Users\ChineseChikki\Documents\GitHub\App-Trader\assets-service\node_modules\@aws-sdk\middleware-logger\dist-cjs\loggerMiddleware.js:7:26 [assets-service] development 2024-01-23T15:48:00.324Z
[31merror[39m: uncaughtException: User: arn:aws:iam::575439814610:user/traderapp-chineye is not authorized to perform: secretsmanager:GetSecretValue on resource: assets-service-secrets/dev because no identity-based policy allows the secretsmanager:GetSecretValue action
AccessDeniedException: User: arn:aws:iam::575439814610:user/traderapp-chineye is not authorized to perform: secretsmanager:GetSecretValue on resource: assets-service-secrets/dev because no identity-based policy allows the secretsmanager:GetSecretValue action
    at throwDefaultError (C:\Users\ChineseChikki\Documents\GitHub\App-Trader\assets-service\node_modules\@smithy\smithy-client\dist-cjs\default-error-handler.js:8:22)
    at C:\Users\ChineseChikki\Documents\GitHub\App-Trader\assets-service\node_modules\@smithy\smithy-client\dist-cjs\default-error-handler.js:18:39
    at de_GetSecretValueCommandError (C:\Users\ChineseChikki\Documents\GitHub\App-Trader\assets-service\node_modules\@aws-sdk\client-secrets-manager\dist-cjs\protocols\Aws_json1_1.js:562:20)
    at processTicksAndRejections (node:internal/process/task_queues:96:5)
    at async C:\Users\ChineseChikki\Documents\GitHub\App-Trader\assets-service\node_modules\@smithy\middleware-serde\dist-cjs\deserializerMiddleware.js:7:24
    at async C:\Users\ChineseChikki\Documents\GitHub\App-Trader\assets-service\node_modules\@aws-sdk\middleware-signing\dist-cjs\awsAuthMiddleware.js:30:20
    at async C:\Users\ChineseChikki\Documents\GitHub\App-Trader\assets-service\node_modules\@smithy\middleware-retry\dist-cjs\retryMiddleware.js:31:46
    at async C:\Users\ChineseChikki\Documents\GitHub\App-Trader\assets-service\node_modules\@aws-sdk\middleware-logger\dist-cjs\loggerMiddleware.js:7:26 [assets-service] development 2024-01-23 16:48:27
error: uncaughtException: User: arn:aws:iam::575439814610:user/traderapp-chineye is not authorized to perform: secretsmanager:GetSecretValue on resource: assets-service-secrets/dev because no identity-based policy allows the secretsmanager:GetSecretValue action
AccessDeniedException: User: arn:aws:iam::575439814610:user/traderapp-chineye is not authorized to perform: secretsmanager:GetSecretValue on resource: assets-service-secrets/dev because no identity-based policy allows the secretsmanager:GetSecretValue action
    at throwDefaultError (C:\Users\ChineseChikki\Documents\GitHub\App-Trader\assets-service\node_modules\@smithy\smithy-client\dist-cjs\default-error-handler.js:8:22)
    at C:\Users\ChineseChikki\Documents\GitHub\App-Trader\assets-service\node_modules\@smithy\smithy-client\dist-cjs\default-error-handler.js:18:39
    at de_GetSecretValueCommandError (C:\Users\ChineseChikki\Documents\GitHub\App-Trader\assets-service\node_modules\@aws-sdk\client-secrets-manager\dist-cjs\protocols\Aws_json1_1.js:562:20)
    at processTicksAndRejections (node:internal/process/task_queues:96:5)
    at async C:\Users\ChineseChikki\Documents\GitHub\App-Trader\assets-service\node_modules\@smithy\middleware-serde\dist-cjs\deserializerMiddleware.js:7:24
    at async C:\Users\ChineseChikki\Documents\GitHub\App-Trader\assets-service\node_modules\@aws-sdk\middleware-signing\dist-cjs\awsAuthMiddleware.js:30:20
    at async C:\Users\ChineseChikki\Documents\GitHub\App-Trader\assets-service\node_modules\@smithy\middleware-retry\dist-cjs\retryMiddleware.js:31:46
    at async C:\Users\ChineseChikki\Documents\GitHub\App-Trader\assets-service\node_modules\@aws-sdk\middleware-logger\dist-cjs\loggerMiddleware.js:7:26 [assets-service] development 2024-01-23T15:48:27.411Z
[31merror[39m: uncaughtException: тип Unable to compile TypeScript:
[96msrc/routes/ExchangeRoutes.ts[0m:[93m4[0m:[93m2[0m - [91merror[0m[90m TS2724: [0m'"../controllers/ExchangeController"' has no exported member named 'getExchangeByIdHandler'. Did you mean 'getExchangeById'?

[7m4[0m  getExchangeByIdHandler,
[7m [0m [91m ~~~~~~~~~~~~~~~~~~~~~~[0m

  [96msrc/controllers/ExchangeController.ts[0m:[93m32[0m:[93m23[0m
    [7m32[0m export async function getExchangeById(req: Request, res: Response, next: NextFunction) {
    [7m  [0m [96m                      ~~~~~~~~~~~~~~~[0m
    'getExchangeById' is declared here.

TSError: тип Unable to compile TypeScript:
[96msrc/routes/ExchangeRoutes.ts[0m:[93m4[0m:[93m2[0m - [91merror[0m[90m TS2724: [0m'"../controllers/ExchangeController"' has no exported member named 'getExchangeByIdHandler'. Did you mean 'getExchangeById'?

[7m4[0m  getExchangeByIdHandler,
[7m [0m [91m ~~~~~~~~~~~~~~~~~~~~~~[0m

  [96msrc/controllers/ExchangeController.ts[0m:[93m32[0m:[93m23[0m
    [7m32[0m export async function getExchangeById(req: Request, res: Response, next: NextFunction) {
    [7m  [0m [96m                      ~~~~~~~~~~~~~~~[0m
    'getExchangeById' is declared here.

    at createTSError (C:\Users\ChineseChikki\Documents\GitHub\App-Trader\assets-service\node_modules\ts-node\src\index.ts:859:12)
    at reportTSError (C:\Users\ChineseChikki\Documents\GitHub\App-Trader\assets-service\node_modules\ts-node\src\index.ts:863:19)
    at getOutput (C:\Users\ChineseChikki\Documents\GitHub\App-Trader\assets-service\node_modules\ts-node\src\index.ts:1077:36)
    at Object.compile (C:\Users\ChineseChikki\Documents\GitHub\App-Trader\assets-service\node_modules\ts-node\src\index.ts:1433:41)
    at Module.m._compile (C:\Users\ChineseChikki\Documents\GitHub\App-Trader\assets-service\node_modules\ts-node\src\index.ts:1617:30)
    at Module._extensions..js (node:internal/modules/cjs/loader:1159:10)
    at Object.require.extensions.<computed> [as .ts] (C:\Users\ChineseChikki\Documents\GitHub\App-Trader\assets-service\node_modules\ts-node\src\index.ts:1621:12)
    at Module.load (node:internal/modules/cjs/loader:981:32)
    at Function.Module._load (node:internal/modules/cjs/loader:822:12)
    at Module.require (node:internal/modules/cjs/loader:1005:19) [assets-service] development 2024-01-23 22:23:26
error: uncaughtException: тип Unable to compile TypeScript:
[96msrc/routes/ExchangeRoutes.ts[0m:[93m4[0m:[93m2[0m - [91merror[0m[90m TS2724: [0m'"../controllers/ExchangeController"' has no exported member named 'getExchangeByIdHandler'. Did you mean 'getExchangeById'?

[7m4[0m  getExchangeByIdHandler,
[7m [0m [91m ~~~~~~~~~~~~~~~~~~~~~~[0m

  [96msrc/controllers/ExchangeController.ts[0m:[93m32[0m:[93m23[0m
    [7m32[0m export async function getExchangeById(req: Request, res: Response, next: NextFunction) {
    [7m  [0m [96m                      ~~~~~~~~~~~~~~~[0m
    'getExchangeById' is declared here.

TSError: тип Unable to compile TypeScript:
[96msrc/routes/ExchangeRoutes.ts[0m:[93m4[0m:[93m2[0m - [91merror[0m[90m TS2724: [0m'"../controllers/ExchangeController"' has no exported member named 'getExchangeByIdHandler'. Did you mean 'getExchangeById'?

[7m4[0m  getExchangeByIdHandler,
[7m [0m [91m ~~~~~~~~~~~~~~~~~~~~~~[0m

  [96msrc/controllers/ExchangeController.ts[0m:[93m32[0m:[93m23[0m
    [7m32[0m export async function getExchangeById(req: Request, res: Response, next: NextFunction) {
    [7m  [0m [96m                      ~~~~~~~~~~~~~~~[0m
    'getExchangeById' is declared here.

    at createTSError (C:\Users\ChineseChikki\Documents\GitHub\App-Trader\assets-service\node_modules\ts-node\src\index.ts:859:12)
    at reportTSError (C:\Users\ChineseChikki\Documents\GitHub\App-Trader\assets-service\node_modules\ts-node\src\index.ts:863:19)
    at getOutput (C:\Users\ChineseChikki\Documents\GitHub\App-Trader\assets-service\node_modules\ts-node\src\index.ts:1077:36)
    at Object.compile (C:\Users\ChineseChikki\Documents\GitHub\App-Trader\assets-service\node_modules\ts-node\src\index.ts:1433:41)
    at Module.m._compile (C:\Users\ChineseChikki\Documents\GitHub\App-Trader\assets-service\node_modules\ts-node\src\index.ts:1617:30)
    at Module._extensions..js (node:internal/modules/cjs/loader:1159:10)
    at Object.require.extensions.<computed> [as .ts] (C:\Users\ChineseChikki\Documents\GitHub\App-Trader\assets-service\node_modules\ts-node\src\index.ts:1621:12)
    at Module.load (node:internal/modules/cjs/loader:981:32)
    at Function.Module._load (node:internal/modules/cjs/loader:822:12)
    at Module.require (node:internal/modules/cjs/loader:1005:19) [assets-service] development 2024-01-23T21:23:26.209Z
[31merror[39m: uncaughtException: тип Unable to compile TypeScript:
[96msrc/controllers/ExchangeController.ts[0m:[93m148[0m:[93m31[0m - [91merror[0m[90m TS2304: [0mCannot find name 'prisma'.

[7m148[0m   const exchangePairs = await prisma.exchangePair.findMany({
[7m   [0m [91m                              ~~~~~~[0m
[96msrc/controllers/ExchangeController.ts[0m:[93m167[0m:[93m9[0m - [91merror[0m[90m TS2304: [0mCannot find name 'prisma'.

[7m167[0m   await prisma.$disconnect();
[7m   [0m [91m        ~~~~~~[0m

TSError: тип Unable to compile TypeScript:
[96msrc/controllers/ExchangeController.ts[0m:[93m148[0m:[93m31[0m - [91merror[0m[90m TS2304: [0mCannot find name 'prisma'.

[7m148[0m   const exchangePairs = await prisma.exchangePair.findMany({
[7m   [0m [91m                              ~~~~~~[0m
[96msrc/controllers/ExchangeController.ts[0m:[93m167[0m:[93m9[0m - [91merror[0m[90m TS2304: [0mCannot find name 'prisma'.

[7m167[0m   await prisma.$disconnect();
[7m   [0m [91m        ~~~~~~[0m

    at createTSError (C:\Users\ChineseChikki\Documents\GitHub\App-Trader\assets-service\node_modules\ts-node\src\index.ts:859:12)
    at reportTSError (C:\Users\ChineseChikki\Documents\GitHub\App-Trader\assets-service\node_modules\ts-node\src\index.ts:863:19)
    at getOutput (C:\Users\ChineseChikki\Documents\GitHub\App-Trader\assets-service\node_modules\ts-node\src\index.ts:1077:36)
    at Object.compile (C:\Users\ChineseChikki\Documents\GitHub\App-Trader\assets-service\node_modules\ts-node\src\index.ts:1433:41)
    at Module.m._compile (C:\Users\ChineseChikki\Documents\GitHub\App-Trader\assets-service\node_modules\ts-node\src\index.ts:1617:30)
    at Module._extensions..js (node:internal/modules/cjs/loader:1159:10)
    at Object.require.extensions.<computed> [as .ts] (C:\Users\ChineseChikki\Documents\GitHub\App-Trader\assets-service\node_modules\ts-node\src\index.ts:1621:12)
    at Module.load (node:internal/modules/cjs/loader:981:32)
    at Function.Module._load (node:internal/modules/cjs/loader:822:12)
    at Module.require (node:internal/modules/cjs/loader:1005:19) [assets-service] development 2024-01-23 22:24:21
error: uncaughtException: тип Unable to compile TypeScript:
[96msrc/controllers/ExchangeController.ts[0m:[93m148[0m:[93m31[0m - [91merror[0m[90m TS2304: [0mCannot find name 'prisma'.

[7m148[0m   const exchangePairs = await prisma.exchangePair.findMany({
[7m   [0m [91m                              ~~~~~~[0m
[96msrc/controllers/ExchangeController.ts[0m:[93m167[0m:[93m9[0m - [91merror[0m[90m TS2304: [0mCannot find name 'prisma'.

[7m167[0m   await prisma.$disconnect();
[7m   [0m [91m        ~~~~~~[0m

TSError: тип Unable to compile TypeScript:
[96msrc/controllers/ExchangeController.ts[0m:[93m148[0m:[93m31[0m - [91merror[0m[90m TS2304: [0mCannot find name 'prisma'.

[7m148[0m   const exchangePairs = await prisma.exchangePair.findMany({
[7m   [0m [91m                              ~~~~~~[0m
[96msrc/controllers/ExchangeController.ts[0m:[93m167[0m:[93m9[0m - [91merror[0m[90m TS2304: [0mCannot find name 'prisma'.

[7m167[0m   await prisma.$disconnect();
[7m   [0m [91m        ~~~~~~[0m

    at createTSError (C:\Users\ChineseChikki\Documents\GitHub\App-Trader\assets-service\node_modules\ts-node\src\index.ts:859:12)
    at reportTSError (C:\Users\ChineseChikki\Documents\GitHub\App-Trader\assets-service\node_modules\ts-node\src\index.ts:863:19)
    at getOutput (C:\Users\ChineseChikki\Documents\GitHub\App-Trader\assets-service\node_modules\ts-node\src\index.ts:1077:36)
    at Object.compile (C:\Users\ChineseChikki\Documents\GitHub\App-Trader\assets-service\node_modules\ts-node\src\index.ts:1433:41)
    at Module.m._compile (C:\Users\ChineseChikki\Documents\GitHub\App-Trader\assets-service\node_modules\ts-node\src\index.ts:1617:30)
    at Module._extensions..js (node:internal/modules/cjs/loader:1159:10)
    at Object.require.extensions.<computed> [as .ts] (C:\Users\ChineseChikki\Documents\GitHub\App-Trader\assets-service\node_modules\ts-node\src\index.ts:1621:12)
    at Module.load (node:internal/modules/cjs/loader:981:32)
    at Function.Module._load (node:internal/modules/cjs/loader:822:12)
    at Module.require (node:internal/modules/cjs/loader:1005:19) [assets-service] development 2024-01-23T21:24:21.406Z
[31merror[39m: uncaughtException: тип Unable to compile TypeScript:
[96msrc/controllers/ExchangeController.ts[0m:[93m148[0m:[93m31[0m - [91merror[0m[90m TS2304: [0mCannot find name 'prisma'.

[7m148[0m   const exchangePairs = await prisma.exchangePair.findMany({
[7m   [0m [91m                              ~~~~~~[0m
[96msrc/controllers/ExchangeController.ts[0m:[93m150[0m:[93m17[0m - [91merror[0m[90m TS2304: [0mCannot find name 'exchangeId'.

[7m150[0m     exchangeId: exchangeId,
[7m   [0m [91m                ~~~~~~~~~~[0m
[96msrc/controllers/ExchangeController.ts[0m:[93m151[0m:[93m17[0m - [91merror[0m[90m TS2304: [0mCannot find name 'currencyId'.

[7m151[0m     currencyId: currencyId,
[7m   [0m [91m                ~~~~~~~~~~[0m
[96msrc/controllers/ExchangeController.ts[0m:[93m167[0m:[93m9[0m - [91merror[0m[90m TS2304: [0mCannot find name 'prisma'.

[7m167[0m   await prisma.$disconnect();
[7m   [0m [91m        ~~~~~~[0m

TSError: тип Unable to compile TypeScript:
[96msrc/controllers/ExchangeController.ts[0m:[93m148[0m:[93m31[0m - [91merror[0m[90m TS2304: [0mCannot find name 'prisma'.

[7m148[0m   const exchangePairs = await prisma.exchangePair.findMany({
[7m   [0m [91m                              ~~~~~~[0m
[96msrc/controllers/ExchangeController.ts[0m:[93m150[0m:[93m17[0m - [91merror[0m[90m TS2304: [0mCannot find name 'exchangeId'.

[7m150[0m     exchangeId: exchangeId,
[7m   [0m [91m                ~~~~~~~~~~[0m
[96msrc/controllers/ExchangeController.ts[0m:[93m151[0m:[93m17[0m - [91merror[0m[90m TS2304: [0mCannot find name 'currencyId'.

[7m151[0m     currencyId: currencyId,
[7m   [0m [91m                ~~~~~~~~~~[0m
[96msrc/controllers/ExchangeController.ts[0m:[93m167[0m:[93m9[0m - [91merror[0m[90m TS2304: [0mCannot find name 'prisma'.

[7m167[0m   await prisma.$disconnect();
[7m   [0m [91m        ~~~~~~[0m

    at createTSError (C:\Users\ChineseChikki\Documents\GitHub\App-Trader\assets-service\node_modules\ts-node\src\index.ts:859:12)
    at reportTSError (C:\Users\ChineseChikki\Documents\GitHub\App-Trader\assets-service\node_modules\ts-node\src\index.ts:863:19)
    at getOutput (C:\Users\ChineseChikki\Documents\GitHub\App-Trader\assets-service\node_modules\ts-node\src\index.ts:1077:36)
    at Object.compile (C:\Users\ChineseChikki\Documents\GitHub\App-Trader\assets-service\node_modules\ts-node\src\index.ts:1433:41)
    at Module.m._compile (C:\Users\ChineseChikki\Documents\GitHub\App-Trader\assets-service\node_modules\ts-node\src\index.ts:1617:30)
    at Module._extensions..js (node:internal/modules/cjs/loader:1159:10)
    at Object.require.extensions.<computed> [as .ts] (C:\Users\ChineseChikki\Documents\GitHub\App-Trader\assets-service\node_modules\ts-node\src\index.ts:1621:12)
    at Module.load (node:internal/modules/cjs/loader:981:32)
    at Function.Module._load (node:internal/modules/cjs/loader:822:12)
    at Module.require (node:internal/modules/cjs/loader:1005:19) [assets-service] development 2024-01-23 22:25:29
error: uncaughtException: тип Unable to compile TypeScript:
[96msrc/controllers/ExchangeController.ts[0m:[93m148[0m:[93m31[0m - [91merror[0m[90m TS2304: [0mCannot find name 'prisma'.

[7m148[0m   const exchangePairs = await prisma.exchangePair.findMany({
[7m   [0m [91m                              ~~~~~~[0m
[96msrc/controllers/ExchangeController.ts[0m:[93m150[0m:[93m17[0m - [91merror[0m[90m TS2304: [0mCannot find name 'exchangeId'.

[7m150[0m     exchangeId: exchangeId,
[7m   [0m [91m                ~~~~~~~~~~[0m
[96msrc/controllers/ExchangeController.ts[0m:[93m151[0m:[93m17[0m - [91merror[0m[90m TS2304: [0mCannot find name 'currencyId'.

[7m151[0m     currencyId: currencyId,
[7m   [0m [91m                ~~~~~~~~~~[0m
[96msrc/controllers/ExchangeController.ts[0m:[93m167[0m:[93m9[0m - [91merror[0m[90m TS2304: [0mCannot find name 'prisma'.

[7m167[0m   await prisma.$disconnect();
[7m   [0m [91m        ~~~~~~[0m

TSError: тип Unable to compile TypeScript:
[96msrc/controllers/ExchangeController.ts[0m:[93m148[0m:[93m31[0m - [91merror[0m[90m TS2304: [0mCannot find name 'prisma'.

[7m148[0m   const exchangePairs = await prisma.exchangePair.findMany({
[7m   [0m [91m                              ~~~~~~[0m
[96msrc/controllers/ExchangeController.ts[0m:[93m150[0m:[93m17[0m - [91merror[0m[90m TS2304: [0mCannot find name 'exchangeId'.

[7m150[0m     exchangeId: exchangeId,
[7m   [0m [91m                ~~~~~~~~~~[0m
[96msrc/controllers/ExchangeController.ts[0m:[93m151[0m:[93m17[0m - [91merror[0m[90m TS2304: [0mCannot find name 'currencyId'.

[7m151[0m     currencyId: currencyId,
[7m   [0m [91m                ~~~~~~~~~~[0m
[96msrc/controllers/ExchangeController.ts[0m:[93m167[0m:[93m9[0m - [91merror[0m[90m TS2304: [0mCannot find name 'prisma'.

[7m167[0m   await prisma.$disconnect();
[7m   [0m [91m        ~~~~~~[0m

    at createTSError (C:\Users\ChineseChikki\Documents\GitHub\App-Trader\assets-service\node_modules\ts-node\src\index.ts:859:12)
    at reportTSError (C:\Users\ChineseChikki\Documents\GitHub\App-Trader\assets-service\node_modules\ts-node\src\index.ts:863:19)
    at getOutput (C:\Users\ChineseChikki\Documents\GitHub\App-Trader\assets-service\node_modules\ts-node\src\index.ts:1077:36)
    at Object.compile (C:\Users\ChineseChikki\Documents\GitHub\App-Trader\assets-service\node_modules\ts-node\src\index.ts:1433:41)
    at Module.m._compile (C:\Users\ChineseChikki\Documents\GitHub\App-Trader\assets-service\node_modules\ts-node\src\index.ts:1617:30)
    at Module._extensions..js (node:internal/modules/cjs/loader:1159:10)
    at Object.require.extensions.<computed> [as .ts] (C:\Users\ChineseChikki\Documents\GitHub\App-Trader\assets-service\node_modules\ts-node\src\index.ts:1621:12)
    at Module.load (node:internal/modules/cjs/loader:981:32)
    at Function.Module._load (node:internal/modules/cjs/loader:822:12)
    at Module.require (node:internal/modules/cjs/loader:1005:19) [assets-service] development 2024-01-23T21:25:29.291Z
[31merror[39m: uncaughtException: тип Unable to compile TypeScript:
[96msrc/controllers/ExchangeController.ts[0m:[93m148[0m:[93m31[0m - [91merror[0m[90m TS2304: [0mCannot find name 'prisma'.

[7m148[0m   const exchangePairs = await prisma.exchangePair.findMany({
[7m   [0m [91m                              ~~~~~~[0m
[96msrc/controllers/ExchangeController.ts[0m:[93m150[0m:[93m17[0m - [91merror[0m[90m TS2304: [0mCannot find name 'exchangeId'.

[7m150[0m     exchangeId: exchangeId,
[7m   [0m [91m                ~~~~~~~~~~[0m
[96msrc/controllers/ExchangeController.ts[0m:[93m151[0m:[93m17[0m - [91merror[0m[90m TS2304: [0mCannot find name 'currencyId'.

[7m151[0m     currencyId: currencyId,
[7m   [0m [91m                ~~~~~~~~~~[0m
[96msrc/controllers/ExchangeController.ts[0m:[93m167[0m:[93m9[0m - [91merror[0m[90m TS2304: [0mCannot find name 'prisma'.

[7m167[0m   await prisma.$disconnect();
[7m   [0m [91m        ~~~~~~[0m

TSError: тип Unable to compile TypeScript:
[96msrc/controllers/ExchangeController.ts[0m:[93m148[0m:[93m31[0m - [91merror[0m[90m TS2304: [0mCannot find name 'prisma'.

[7m148[0m   const exchangePairs = await prisma.exchangePair.findMany({
[7m   [0m [91m                              ~~~~~~[0m
[96msrc/controllers/ExchangeController.ts[0m:[93m150[0m:[93m17[0m - [91merror[0m[90m TS2304: [0mCannot find name 'exchangeId'.

[7m150[0m     exchangeId: exchangeId,
[7m   [0m [91m                ~~~~~~~~~~[0m
[96msrc/controllers/ExchangeController.ts[0m:[93m151[0m:[93m17[0m - [91merror[0m[90m TS2304: [0mCannot find name 'currencyId'.

[7m151[0m     currencyId: currencyId,
[7m   [0m [91m                ~~~~~~~~~~[0m
[96msrc/controllers/ExchangeController.ts[0m:[93m167[0m:[93m9[0m - [91merror[0m[90m TS2304: [0mCannot find name 'prisma'.

[7m167[0m   await prisma.$disconnect();
[7m   [0m [91m        ~~~~~~[0m

    at createTSError (C:\Users\ChineseChikki\Documents\GitHub\App-Trader\assets-service\node_modules\ts-node\src\index.ts:859:12)
    at reportTSError (C:\Users\ChineseChikki\Documents\GitHub\App-Trader\assets-service\node_modules\ts-node\src\index.ts:863:19)
    at getOutput (C:\Users\ChineseChikki\Documents\GitHub\App-Trader\assets-service\node_modules\ts-node\src\index.ts:1077:36)
    at Object.compile (C:\Users\ChineseChikki\Documents\GitHub\App-Trader\assets-service\node_modules\ts-node\src\index.ts:1433:41)
    at Module.m._compile (C:\Users\ChineseChikki\Documents\GitHub\App-Trader\assets-service\node_modules\ts-node\src\index.ts:1617:30)
    at Module._extensions..js (node:internal/modules/cjs/loader:1159:10)
    at Object.require.extensions.<computed> [as .ts] (C:\Users\ChineseChikki\Documents\GitHub\App-Trader\assets-service\node_modules\ts-node\src\index.ts:1621:12)
    at Module.load (node:internal/modules/cjs/loader:981:32)
    at Function.Module._load (node:internal/modules/cjs/loader:822:12)
    at Module.require (node:internal/modules/cjs/loader:1005:19) [assets-service] development 2024-01-23 22:26:03
error: uncaughtException: тип Unable to compile TypeScript:
[96msrc/controllers/ExchangeController.ts[0m:[93m148[0m:[93m31[0m - [91merror[0m[90m TS2304: [0mCannot find name 'prisma'.

[7m148[0m   const exchangePairs = await prisma.exchangePair.findMany({
[7m   [0m [91m                              ~~~~~~[0m
[96msrc/controllers/ExchangeController.ts[0m:[93m150[0m:[93m17[0m - [91merror[0m[90m TS2304: [0mCannot find name 'exchangeId'.

[7m150[0m     exchangeId: exchangeId,
[7m   [0m [91m                ~~~~~~~~~~[0m
[96msrc/controllers/ExchangeController.ts[0m:[93m151[0m:[93m17[0m - [91merror[0m[90m TS2304: [0mCannot find name 'currencyId'.

[7m151[0m     currencyId: currencyId,
[7m   [0m [91m                ~~~~~~~~~~[0m
[96msrc/controllers/ExchangeController.ts[0m:[93m167[0m:[93m9[0m - [91merror[0m[90m TS2304: [0mCannot find name 'prisma'.

[7m167[0m   await prisma.$disconnect();
[7m   [0m [91m        ~~~~~~[0m

TSError: тип Unable to compile TypeScript:
[96msrc/controllers/ExchangeController.ts[0m:[93m148[0m:[93m31[0m - [91merror[0m[90m TS2304: [0mCannot find name 'prisma'.

[7m148[0m   const exchangePairs = await prisma.exchangePair.findMany({
[7m   [0m [91m                              ~~~~~~[0m
[96msrc/controllers/ExchangeController.ts[0m:[93m150[0m:[93m17[0m - [91merror[0m[90m TS2304: [0mCannot find name 'exchangeId'.

[7m150[0m     exchangeId: exchangeId,
[7m   [0m [91m                ~~~~~~~~~~[0m
[96msrc/controllers/ExchangeController.ts[0m:[93m151[0m:[93m17[0m - [91merror[0m[90m TS2304: [0mCannot find name 'currencyId'.

[7m151[0m     currencyId: currencyId,
[7m   [0m [91m                ~~~~~~~~~~[0m
[96msrc/controllers/ExchangeController.ts[0m:[93m167[0m:[93m9[0m - [91merror[0m[90m TS2304: [0mCannot find name 'prisma'.

[7m167[0m   await prisma.$disconnect();
[7m   [0m [91m        ~~~~~~[0m

    at createTSError (C:\Users\ChineseChikki\Documents\GitHub\App-Trader\assets-service\node_modules\ts-node\src\index.ts:859:12)
    at reportTSError (C:\Users\ChineseChikki\Documents\GitHub\App-Trader\assets-service\node_modules\ts-node\src\index.ts:863:19)
    at getOutput (C:\Users\ChineseChikki\Documents\GitHub\App-Trader\assets-service\node_modules\ts-node\src\index.ts:1077:36)
    at Object.compile (C:\Users\ChineseChikki\Documents\GitHub\App-Trader\assets-service\node_modules\ts-node\src\index.ts:1433:41)
    at Module.m._compile (C:\Users\ChineseChikki\Documents\GitHub\App-Trader\assets-service\node_modules\ts-node\src\index.ts:1617:30)
    at Module._extensions..js (node:internal/modules/cjs/loader:1159:10)
    at Object.require.extensions.<computed> [as .ts] (C:\Users\ChineseChikki\Documents\GitHub\App-Trader\assets-service\node_modules\ts-node\src\index.ts:1621:12)
    at Module.load (node:internal/modules/cjs/loader:981:32)
    at Function.Module._load (node:internal/modules/cjs/loader:822:12)
    at Module.require (node:internal/modules/cjs/loader:1005:19) [assets-service] development 2024-01-23T21:26:03.462Z
[31merror[39m: uncaughtException: тип Unable to compile TypeScript:
[96msrc/controllers/ExchangeController.ts[0m:[93m152[0m:[93m31[0m - [91merror[0m[90m TS2304: [0mCannot find name 'prisma'.

[7m152[0m   const exchangePairs = await prisma.exchangePair.findMany({
[7m   [0m [91m                              ~~~~~~[0m
[96msrc/controllers/ExchangeController.ts[0m:[93m171[0m:[93m9[0m - [91merror[0m[90m TS2304: [0mCannot find name 'prisma'.

[7m171[0m   await prisma.$disconnect();
[7m   [0m [91m        ~~~~~~[0m

TSError: тип Unable to compile TypeScript:
[96msrc/controllers/ExchangeController.ts[0m:[93m152[0m:[93m31[0m - [91merror[0m[90m TS2304: [0mCannot find name 'prisma'.

[7m152[0m   const exchangePairs = await prisma.exchangePair.findMany({
[7m   [0m [91m                              ~~~~~~[0m
[96msrc/controllers/ExchangeController.ts[0m:[93m171[0m:[93m9[0m - [91merror[0m[90m TS2304: [0mCannot find name 'prisma'.

[7m171[0m   await prisma.$disconnect();
[7m   [0m [91m        ~~~~~~[0m

    at createTSError (C:\Users\ChineseChikki\Documents\GitHub\App-Trader\assets-service\node_modules\ts-node\src\index.ts:859:12)
    at reportTSError (C:\Users\ChineseChikki\Documents\GitHub\App-Trader\assets-service\node_modules\ts-node\src\index.ts:863:19)
    at getOutput (C:\Users\ChineseChikki\Documents\GitHub\App-Trader\assets-service\node_modules\ts-node\src\index.ts:1077:36)
    at Object.compile (C:\Users\ChineseChikki\Documents\GitHub\App-Trader\assets-service\node_modules\ts-node\src\index.ts:1433:41)
    at Module.m._compile (C:\Users\ChineseChikki\Documents\GitHub\App-Trader\assets-service\node_modules\ts-node\src\index.ts:1617:30)
    at Module._extensions..js (node:internal/modules/cjs/loader:1159:10)
    at Object.require.extensions.<computed> [as .ts] (C:\Users\ChineseChikki\Documents\GitHub\App-Trader\assets-service\node_modules\ts-node\src\index.ts:1621:12)
    at Module.load (node:internal/modules/cjs/loader:981:32)
    at Function.Module._load (node:internal/modules/cjs/loader:822:12)
    at Module.require (node:internal/modules/cjs/loader:1005:19) [assets-service] development 2024-01-23 22:26:39
error: uncaughtException: тип Unable to compile TypeScript:
[96msrc/controllers/ExchangeController.ts[0m:[93m152[0m:[93m31[0m - [91merror[0m[90m TS2304: [0mCannot find name 'prisma'.

[7m152[0m   const exchangePairs = await prisma.exchangePair.findMany({
[7m   [0m [91m                              ~~~~~~[0m
[96msrc/controllers/ExchangeController.ts[0m:[93m171[0m:[93m9[0m - [91merror[0m[90m TS2304: [0mCannot find name 'prisma'.

[7m171[0m   await prisma.$disconnect();
[7m   [0m [91m        ~~~~~~[0m

TSError: тип Unable to compile TypeScript:
[96msrc/controllers/ExchangeController.ts[0m:[93m152[0m:[93m31[0m - [91merror[0m[90m TS2304: [0mCannot find name 'prisma'.

[7m152[0m   const exchangePairs = await prisma.exchangePair.findMany({
[7m   [0m [91m                              ~~~~~~[0m
[96msrc/controllers/ExchangeController.ts[0m:[93m171[0m:[93m9[0m - [91merror[0m[90m TS2304: [0mCannot find name 'prisma'.

[7m171[0m   await prisma.$disconnect();
[7m   [0m [91m        ~~~~~~[0m

    at createTSError (C:\Users\ChineseChikki\Documents\GitHub\App-Trader\assets-service\node_modules\ts-node\src\index.ts:859:12)
    at reportTSError (C:\Users\ChineseChikki\Documents\GitHub\App-Trader\assets-service\node_modules\ts-node\src\index.ts:863:19)
    at getOutput (C:\Users\ChineseChikki\Documents\GitHub\App-Trader\assets-service\node_modules\ts-node\src\index.ts:1077:36)
    at Object.compile (C:\Users\ChineseChikki\Documents\GitHub\App-Trader\assets-service\node_modules\ts-node\src\index.ts:1433:41)
    at Module.m._compile (C:\Users\ChineseChikki\Documents\GitHub\App-Trader\assets-service\node_modules\ts-node\src\index.ts:1617:30)
    at Module._extensions..js (node:internal/modules/cjs/loader:1159:10)
    at Object.require.extensions.<computed> [as .ts] (C:\Users\ChineseChikki\Documents\GitHub\App-Trader\assets-service\node_modules\ts-node\src\index.ts:1621:12)
    at Module.load (node:internal/modules/cjs/loader:981:32)
    at Function.Module._load (node:internal/modules/cjs/loader:822:12)
    at Module.require (node:internal/modules/cjs/loader:1005:19) [assets-service] development 2024-01-23T21:26:39.863Z
[31merror[39m: uncaughtException: тип Unable to compile TypeScript:
[96msrc/controllers/ExchangeController.ts[0m:[93m152[0m:[93m31[0m - [91merror[0m[90m TS2304: [0mCannot find name 'prisma'.

[7m152[0m   const exchangePairs = await prisma.exchangePair.findMany({
[7m   [0m [91m                              ~~~~~~[0m
[96msrc/controllers/ExchangeController.ts[0m:[93m171[0m:[93m9[0m - [91merror[0m[90m TS2304: [0mCannot find name 'prisma'.

[7m171[0m   await prisma.$disconnect();
[7m   [0m [91m        ~~~~~~[0m

TSError: тип Unable to compile TypeScript:
[96msrc/controllers/ExchangeController.ts[0m:[93m152[0m:[93m31[0m - [91merror[0m[90m TS2304: [0mCannot find name 'prisma'.

[7m152[0m   const exchangePairs = await prisma.exchangePair.findMany({
[7m   [0m [91m                              ~~~~~~[0m
[96msrc/controllers/ExchangeController.ts[0m:[93m171[0m:[93m9[0m - [91merror[0m[90m TS2304: [0mCannot find name 'prisma'.

[7m171[0m   await prisma.$disconnect();
[7m   [0m [91m        ~~~~~~[0m

    at createTSError (C:\Users\ChineseChikki\Documents\GitHub\App-Trader\assets-service\node_modules\ts-node\src\index.ts:859:12)
    at reportTSError (C:\Users\ChineseChikki\Documents\GitHub\App-Trader\assets-service\node_modules\ts-node\src\index.ts:863:19)
    at getOutput (C:\Users\ChineseChikki\Documents\GitHub\App-Trader\assets-service\node_modules\ts-node\src\index.ts:1077:36)
    at Object.compile (C:\Users\ChineseChikki\Documents\GitHub\App-Trader\assets-service\node_modules\ts-node\src\index.ts:1433:41)
    at Module.m._compile (C:\Users\ChineseChikki\Documents\GitHub\App-Trader\assets-service\node_modules\ts-node\src\index.ts:1617:30)
    at Module._extensions..js (node:internal/modules/cjs/loader:1159:10)
    at Object.require.extensions.<computed> [as .ts] (C:\Users\ChineseChikki\Documents\GitHub\App-Trader\assets-service\node_modules\ts-node\src\index.ts:1621:12)
    at Module.load (node:internal/modules/cjs/loader:981:32)
    at Function.Module._load (node:internal/modules/cjs/loader:822:12)
    at Module.require (node:internal/modules/cjs/loader:1005:19) [assets-service] development 2024-01-23 22:27:03
error: uncaughtException: тип Unable to compile TypeScript:
[96msrc/controllers/ExchangeController.ts[0m:[93m152[0m:[93m31[0m - [91merror[0m[90m TS2304: [0mCannot find name 'prisma'.

[7m152[0m   const exchangePairs = await prisma.exchangePair.findMany({
[7m   [0m [91m                              ~~~~~~[0m
[96msrc/controllers/ExchangeController.ts[0m:[93m171[0m:[93m9[0m - [91merror[0m[90m TS2304: [0mCannot find name 'prisma'.

[7m171[0m   await prisma.$disconnect();
[7m   [0m [91m        ~~~~~~[0m

TSError: тип Unable to compile TypeScript:
[96msrc/controllers/ExchangeController.ts[0m:[93m152[0m:[93m31[0m - [91merror[0m[90m TS2304: [0mCannot find name 'prisma'.

[7m152[0m   const exchangePairs = await prisma.exchangePair.findMany({
[7m   [0m [91m                              ~~~~~~[0m
[96msrc/controllers/ExchangeController.ts[0m:[93m171[0m:[93m9[0m - [91merror[0m[90m TS2304: [0mCannot find name 'prisma'.

[7m171[0m   await prisma.$disconnect();
[7m   [0m [91m        ~~~~~~[0m

    at createTSError (C:\Users\ChineseChikki\Documents\GitHub\App-Trader\assets-service\node_modules\ts-node\src\index.ts:859:12)
    at reportTSError (C:\Users\ChineseChikki\Documents\GitHub\App-Trader\assets-service\node_modules\ts-node\src\index.ts:863:19)
    at getOutput (C:\Users\ChineseChikki\Documents\GitHub\App-Trader\assets-service\node_modules\ts-node\src\index.ts:1077:36)
    at Object.compile (C:\Users\ChineseChikki\Documents\GitHub\App-Trader\assets-service\node_modules\ts-node\src\index.ts:1433:41)
    at Module.m._compile (C:\Users\ChineseChikki\Documents\GitHub\App-Trader\assets-service\node_modules\ts-node\src\index.ts:1617:30)
    at Module._extensions..js (node:internal/modules/cjs/loader:1159:10)
    at Object.require.extensions.<computed> [as .ts] (C:\Users\ChineseChikki\Documents\GitHub\App-Trader\assets-service\node_modules\ts-node\src\index.ts:1621:12)
    at Module.load (node:internal/modules/cjs/loader:981:32)
    at Function.Module._load (node:internal/modules/cjs/loader:822:12)
    at Module.require (node:internal/modules/cjs/loader:1005:19) [assets-service] development 2024-01-23T21:27:03.147Z
[31merror[39m: uncaughtException: тип Unable to compile TypeScript:
[96msrc/controllers/ExchangeController.ts[0m:[93m153[0m:[93m31[0m - [91merror[0m[90m TS2304: [0mCannot find name 'prisma'.

[7m153[0m   const exchangePairs = await prisma.exchangePair.findMany({
[7m   [0m [91m                              ~~~~~~[0m
[96msrc/controllers/ExchangeController.ts[0m:[93m172[0m:[93m9[0m - [91merror[0m[90m TS2304: [0mCannot find name 'prisma'.

[7m172[0m   await prisma.$disconnect();
[7m   [0m [91m        ~~~~~~[0m

TSError: тип Unable to compile TypeScript:
[96msrc/controllers/ExchangeController.ts[0m:[93m153[0m:[93m31[0m - [91merror[0m[90m TS2304: [0mCannot find name 'prisma'.

[7m153[0m   const exchangePairs = await prisma.exchangePair.findMany({
[7m   [0m [91m                              ~~~~~~[0m
[96msrc/controllers/ExchangeController.ts[0m:[93m172[0m:[93m9[0m - [91merror[0m[90m TS2304: [0mCannot find name 'prisma'.

[7m172[0m   await prisma.$disconnect();
[7m   [0m [91m        ~~~~~~[0m

    at createTSError (C:\Users\ChineseChikki\Documents\GitHub\App-Trader\assets-service\node_modules\ts-node\src\index.ts:859:12)
    at reportTSError (C:\Users\ChineseChikki\Documents\GitHub\App-Trader\assets-service\node_modules\ts-node\src\index.ts:863:19)
    at getOutput (C:\Users\ChineseChikki\Documents\GitHub\App-Trader\assets-service\node_modules\ts-node\src\index.ts:1077:36)
    at Object.compile (C:\Users\ChineseChikki\Documents\GitHub\App-Trader\assets-service\node_modules\ts-node\src\index.ts:1433:41)
    at Module.m._compile (C:\Users\ChineseChikki\Documents\GitHub\App-Trader\assets-service\node_modules\ts-node\src\index.ts:1617:30)
    at Module._extensions..js (node:internal/modules/cjs/loader:1159:10)
    at Object.require.extensions.<computed> [as .ts] (C:\Users\ChineseChikki\Documents\GitHub\App-Trader\assets-service\node_modules\ts-node\src\index.ts:1621:12)
    at Module.load (node:internal/modules/cjs/loader:981:32)
    at Function.Module._load (node:internal/modules/cjs/loader:822:12)
    at Module.require (node:internal/modules/cjs/loader:1005:19) [assets-service] development 2024-01-23 22:27:27
error: uncaughtException: тип Unable to compile TypeScript:
[96msrc/controllers/ExchangeController.ts[0m:[93m153[0m:[93m31[0m - [91merror[0m[90m TS2304: [0mCannot find name 'prisma'.

[7m153[0m   const exchangePairs = await prisma.exchangePair.findMany({
[7m   [0m [91m                              ~~~~~~[0m
[96msrc/controllers/ExchangeController.ts[0m:[93m172[0m:[93m9[0m - [91merror[0m[90m TS2304: [0mCannot find name 'prisma'.

[7m172[0m   await prisma.$disconnect();
[7m   [0m [91m        ~~~~~~[0m

TSError: тип Unable to compile TypeScript:
[96msrc/controllers/ExchangeController.ts[0m:[93m153[0m:[93m31[0m - [91merror[0m[90m TS2304: [0mCannot find name 'prisma'.

[7m153[0m   const exchangePairs = await prisma.exchangePair.findMany({
[7m   [0m [91m                              ~~~~~~[0m
[96msrc/controllers/ExchangeController.ts[0m:[93m172[0m:[93m9[0m - [91merror[0m[90m TS2304: [0mCannot find name 'prisma'.

[7m172[0m   await prisma.$disconnect();
[7m   [0m [91m        ~~~~~~[0m

    at createTSError (C:\Users\ChineseChikki\Documents\GitHub\App-Trader\assets-service\node_modules\ts-node\src\index.ts:859:12)
    at reportTSError (C:\Users\ChineseChikki\Documents\GitHub\App-Trader\assets-service\node_modules\ts-node\src\index.ts:863:19)
    at getOutput (C:\Users\ChineseChikki\Documents\GitHub\App-Trader\assets-service\node_modules\ts-node\src\index.ts:1077:36)
    at Object.compile (C:\Users\ChineseChikki\Documents\GitHub\App-Trader\assets-service\node_modules\ts-node\src\index.ts:1433:41)
    at Module.m._compile (C:\Users\ChineseChikki\Documents\GitHub\App-Trader\assets-service\node_modules\ts-node\src\index.ts:1617:30)
    at Module._extensions..js (node:internal/modules/cjs/loader:1159:10)
    at Object.require.extensions.<computed> [as .ts] (C:\Users\ChineseChikki\Documents\GitHub\App-Trader\assets-service\node_modules\ts-node\src\index.ts:1621:12)
    at Module.load (node:internal/modules/cjs/loader:981:32)
    at Function.Module._load (node:internal/modules/cjs/loader:822:12)
    at Module.require (node:internal/modules/cjs/loader:1005:19) [assets-service] development 2024-01-23T21:27:27.397Z
[31merror[39m: uncaughtException: тип Unable to compile TypeScript:
[96msrc/controllers/ExchangeController.ts[0m:[93m172[0m:[93m9[0m - [91merror[0m[90m TS2304: [0mCannot find name 'prisma'.

[7m172[0m   await prisma.$disconnect();
[7m   [0m [91m        ~~~~~~[0m

TSError: тип Unable to compile TypeScript:
[96msrc/controllers/ExchangeController.ts[0m:[93m172[0m:[93m9[0m - [91merror[0m[90m TS2304: [0mCannot find name 'prisma'.

[7m172[0m   await prisma.$disconnect();
[7m   [0m [91m        ~~~~~~[0m

    at createTSError (C:\Users\ChineseChikki\Documents\GitHub\App-Trader\assets-service\node_modules\ts-node\src\index.ts:859:12)
    at reportTSError (C:\Users\ChineseChikki\Documents\GitHub\App-Trader\assets-service\node_modules\ts-node\src\index.ts:863:19)
    at getOutput (C:\Users\ChineseChikki\Documents\GitHub\App-Trader\assets-service\node_modules\ts-node\src\index.ts:1077:36)
    at Object.compile (C:\Users\ChineseChikki\Documents\GitHub\App-Trader\assets-service\node_modules\ts-node\src\index.ts:1433:41)
    at Module.m._compile (C:\Users\ChineseChikki\Documents\GitHub\App-Trader\assets-service\node_modules\ts-node\src\index.ts:1617:30)
    at Module._extensions..js (node:internal/modules/cjs/loader:1159:10)
    at Object.require.extensions.<computed> [as .ts] (C:\Users\ChineseChikki\Documents\GitHub\App-Trader\assets-service\node_modules\ts-node\src\index.ts:1621:12)
    at Module.load (node:internal/modules/cjs/loader:981:32)
    at Function.Module._load (node:internal/modules/cjs/loader:822:12)
    at Module.require (node:internal/modules/cjs/loader:1005:19) [assets-service] development 2024-01-23 22:32:00
error: uncaughtException: тип Unable to compile TypeScript:
[96msrc/controllers/ExchangeController.ts[0m:[93m172[0m:[93m9[0m - [91merror[0m[90m TS2304: [0mCannot find name 'prisma'.

[7m172[0m   await prisma.$disconnect();
[7m   [0m [91m        ~~~~~~[0m

TSError: тип Unable to compile TypeScript:
[96msrc/controllers/ExchangeController.ts[0m:[93m172[0m:[93m9[0m - [91merror[0m[90m TS2304: [0mCannot find name 'prisma'.

[7m172[0m   await prisma.$disconnect();
[7m   [0m [91m        ~~~~~~[0m

    at createTSError (C:\Users\ChineseChikki\Documents\GitHub\App-Trader\assets-service\node_modules\ts-node\src\index.ts:859:12)
    at reportTSError (C:\Users\ChineseChikki\Documents\GitHub\App-Trader\assets-service\node_modules\ts-node\src\index.ts:863:19)
    at getOutput (C:\Users\ChineseChikki\Documents\GitHub\App-Trader\assets-service\node_modules\ts-node\src\index.ts:1077:36)
    at Object.compile (C:\Users\ChineseChikki\Documents\GitHub\App-Trader\assets-service\node_modules\ts-node\src\index.ts:1433:41)
    at Module.m._compile (C:\Users\ChineseChikki\Documents\GitHub\App-Trader\assets-service\node_modules\ts-node\src\index.ts:1617:30)
    at Module._extensions..js (node:internal/modules/cjs/loader:1159:10)
    at Object.require.extensions.<computed> [as .ts] (C:\Users\ChineseChikki\Documents\GitHub\App-Trader\assets-service\node_modules\ts-node\src\index.ts:1621:12)
    at Module.load (node:internal/modules/cjs/loader:981:32)
    at Function.Module._load (node:internal/modules/cjs/loader:822:12)
    at Module.require (node:internal/modules/cjs/loader:1005:19) [assets-service] development 2024-01-23T21:32:00.449Z
[31merror[39m: uncaughtException: тип Unable to compile TypeScript:
[96msrc/routes/ExchangeRoutes.ts[0m:[93m7[0m:[93m2[0m - [91merror[0m[90m TS2305: [0mModule '"../controllers/ExchangeController"' has no exported member 'currenciesByExchangeHandler'.

[7m7[0m  currenciesByExchangeHandler,
[7m [0m [91m ~~~~~~~~~~~~~~~~~~~~~~~~~~~[0m

TSError: тип Unable to compile TypeScript:
[96msrc/routes/ExchangeRoutes.ts[0m:[93m7[0m:[93m2[0m - [91merror[0m[90m TS2305: [0mModule '"../controllers/ExchangeController"' has no exported member 'currenciesByExchangeHandler'.

[7m7[0m  currenciesByExchangeHandler,
[7m [0m [91m ~~~~~~~~~~~~~~~~~~~~~~~~~~~[0m

    at createTSError (C:\Users\ChineseChikki\Documents\GitHub\App-Trader\assets-service\node_modules\ts-node\src\index.ts:859:12)
    at reportTSError (C:\Users\ChineseChikki\Documents\GitHub\App-Trader\assets-service\node_modules\ts-node\src\index.ts:863:19)
    at getOutput (C:\Users\ChineseChikki\Documents\GitHub\App-Trader\assets-service\node_modules\ts-node\src\index.ts:1077:36)
    at Object.compile (C:\Users\ChineseChikki\Documents\GitHub\App-Trader\assets-service\node_modules\ts-node\src\index.ts:1433:41)
    at Module.m._compile (C:\Users\ChineseChikki\Documents\GitHub\App-Trader\assets-service\node_modules\ts-node\src\index.ts:1617:30)
    at Module._extensions..js (node:internal/modules/cjs/loader:1159:10)
    at Object.require.extensions.<computed> [as .ts] (C:\Users\ChineseChikki\Documents\GitHub\App-Trader\assets-service\node_modules\ts-node\src\index.ts:1621:12)
    at Module.load (node:internal/modules/cjs/loader:981:32)
    at Function.Module._load (node:internal/modules/cjs/loader:822:12)
    at Module.require (node:internal/modules/cjs/loader:1005:19) [assets-service] development 2024-01-23 22:34:19
error: uncaughtException: тип Unable to compile TypeScript:
[96msrc/routes/ExchangeRoutes.ts[0m:[93m7[0m:[93m2[0m - [91merror[0m[90m TS2305: [0mModule '"../controllers/ExchangeController"' has no exported member 'currenciesByExchangeHandler'.

[7m7[0m  currenciesByExchangeHandler,
[7m [0m [91m ~~~~~~~~~~~~~~~~~~~~~~~~~~~[0m

TSError: тип Unable to compile TypeScript:
[96msrc/routes/ExchangeRoutes.ts[0m:[93m7[0m:[93m2[0m - [91merror[0m[90m TS2305: [0mModule '"../controllers/ExchangeController"' has no exported member 'currenciesByExchangeHandler'.

[7m7[0m  currenciesByExchangeHandler,
[7m [0m [91m ~~~~~~~~~~~~~~~~~~~~~~~~~~~[0m

    at createTSError (C:\Users\ChineseChikki\Documents\GitHub\App-Trader\assets-service\node_modules\ts-node\src\index.ts:859:12)
    at reportTSError (C:\Users\ChineseChikki\Documents\GitHub\App-Trader\assets-service\node_modules\ts-node\src\index.ts:863:19)
    at getOutput (C:\Users\ChineseChikki\Documents\GitHub\App-Trader\assets-service\node_modules\ts-node\src\index.ts:1077:36)
    at Object.compile (C:\Users\ChineseChikki\Documents\GitHub\App-Trader\assets-service\node_modules\ts-node\src\index.ts:1433:41)
    at Module.m._compile (C:\Users\ChineseChikki\Documents\GitHub\App-Trader\assets-service\node_modules\ts-node\src\index.ts:1617:30)
    at Module._extensions..js (node:internal/modules/cjs/loader:1159:10)
    at Object.require.extensions.<computed> [as .ts] (C:\Users\ChineseChikki\Documents\GitHub\App-Trader\assets-service\node_modules\ts-node\src\index.ts:1621:12)
    at Module.load (node:internal/modules/cjs/loader:981:32)
    at Function.Module._load (node:internal/modules/cjs/loader:822:12)
    at Module.require (node:internal/modules/cjs/loader:1005:19) [assets-service] development 2024-01-23T21:34:19.753Z
[31merror[39m: uncaughtException: тип Unable to compile TypeScript:
[96msrc/routes/ExchangeRoutes.ts[0m:[93m7[0m:[93m2[0m - [91merror[0m[90m TS2305: [0mModule '"../controllers/ExchangeController"' has no exported member 'currenciesByExchangeHandler'.

[7m7[0m  currenciesByExchangeHandler,
[7m [0m [91m ~~~~~~~~~~~~~~~~~~~~~~~~~~~[0m

TSError: тип Unable to compile TypeScript:
[96msrc/routes/ExchangeRoutes.ts[0m:[93m7[0m:[93m2[0m - [91merror[0m[90m TS2305: [0mModule '"../controllers/ExchangeController"' has no exported member 'currenciesByExchangeHandler'.

[7m7[0m  currenciesByExchangeHandler,
[7m [0m [91m ~~~~~~~~~~~~~~~~~~~~~~~~~~~[0m

    at createTSError (C:\Users\ChineseChikki\Documents\GitHub\App-Trader\assets-service\node_modules\ts-node\src\index.ts:859:12)
    at reportTSError (C:\Users\ChineseChikki\Documents\GitHub\App-Trader\assets-service\node_modules\ts-node\src\index.ts:863:19)
    at getOutput (C:\Users\ChineseChikki\Documents\GitHub\App-Trader\assets-service\node_modules\ts-node\src\index.ts:1077:36)
    at Object.compile (C:\Users\ChineseChikki\Documents\GitHub\App-Trader\assets-service\node_modules\ts-node\src\index.ts:1433:41)
    at Module.m._compile (C:\Users\ChineseChikki\Documents\GitHub\App-Trader\assets-service\node_modules\ts-node\src\index.ts:1617:30)
    at Module._extensions..js (node:internal/modules/cjs/loader:1159:10)
    at Object.require.extensions.<computed> [as .ts] (C:\Users\ChineseChikki\Documents\GitHub\App-Trader\assets-service\node_modules\ts-node\src\index.ts:1621:12)
    at Module.load (node:internal/modules/cjs/loader:981:32)
    at Function.Module._load (node:internal/modules/cjs/loader:822:12)
    at Module.require (node:internal/modules/cjs/loader:1005:19) [assets-service] development 2024-01-23 22:36:50
error: uncaughtException: тип Unable to compile TypeScript:
[96msrc/routes/ExchangeRoutes.ts[0m:[93m7[0m:[93m2[0m - [91merror[0m[90m TS2305: [0mModule '"../controllers/ExchangeController"' has no exported member 'currenciesByExchangeHandler'.

[7m7[0m  currenciesByExchangeHandler,
[7m [0m [91m ~~~~~~~~~~~~~~~~~~~~~~~~~~~[0m

TSError: тип Unable to compile TypeScript:
[96msrc/routes/ExchangeRoutes.ts[0m:[93m7[0m:[93m2[0m - [91merror[0m[90m TS2305: [0mModule '"../controllers/ExchangeController"' has no exported member 'currenciesByExchangeHandler'.

[7m7[0m  currenciesByExchangeHandler,
[7m [0m [91m ~~~~~~~~~~~~~~~~~~~~~~~~~~~[0m

    at createTSError (C:\Users\ChineseChikki\Documents\GitHub\App-Trader\assets-service\node_modules\ts-node\src\index.ts:859:12)
    at reportTSError (C:\Users\ChineseChikki\Documents\GitHub\App-Trader\assets-service\node_modules\ts-node\src\index.ts:863:19)
    at getOutput (C:\Users\ChineseChikki\Documents\GitHub\App-Trader\assets-service\node_modules\ts-node\src\index.ts:1077:36)
    at Object.compile (C:\Users\ChineseChikki\Documents\GitHub\App-Trader\assets-service\node_modules\ts-node\src\index.ts:1433:41)
    at Module.m._compile (C:\Users\ChineseChikki\Documents\GitHub\App-Trader\assets-service\node_modules\ts-node\src\index.ts:1617:30)
    at Module._extensions..js (node:internal/modules/cjs/loader:1159:10)
    at Object.require.extensions.<computed> [as .ts] (C:\Users\ChineseChikki\Documents\GitHub\App-Trader\assets-service\node_modules\ts-node\src\index.ts:1621:12)
    at Module.load (node:internal/modules/cjs/loader:981:32)
    at Function.Module._load (node:internal/modules/cjs/loader:822:12)
    at Module.require (node:internal/modules/cjs/loader:1005:19) [assets-service] development 2024-01-23T21:36:50.981Z
[31merror[39m: uncaughtException: тип Unable to compile TypeScript:
[96msrc/routes/ExchangeRoutes.ts[0m:[93m14[0m:[93m2[0m - [91merror[0m[90m TS2305: [0mModule '"../middlewares/ExchangeMiddleware"' has no exported member 'validateGetCurrenciesRequest'.

[7m14[0m  validateGetCurrenciesRequest,
[7m  [0m [91m ~~~~~~~~~~~~~~~~~~~~~~~~~~~~[0m

TSError: тип Unable to compile TypeScript:
[96msrc/routes/ExchangeRoutes.ts[0m:[93m14[0m:[93m2[0m - [91merror[0m[90m TS2305: [0mModule '"../middlewares/ExchangeMiddleware"' has no exported member 'validateGetCurrenciesRequest'.

[7m14[0m  validateGetCurrenciesRequest,
[7m  [0m [91m ~~~~~~~~~~~~~~~~~~~~~~~~~~~~[0m

    at createTSError (C:\Users\ChineseChikki\Documents\GitHub\App-Trader\assets-service\node_modules\ts-node\src\index.ts:859:12)
    at reportTSError (C:\Users\ChineseChikki\Documents\GitHub\App-Trader\assets-service\node_modules\ts-node\src\index.ts:863:19)
    at getOutput (C:\Users\ChineseChikki\Documents\GitHub\App-Trader\assets-service\node_modules\ts-node\src\index.ts:1077:36)
    at Object.compile (C:\Users\ChineseChikki\Documents\GitHub\App-Trader\assets-service\node_modules\ts-node\src\index.ts:1433:41)
    at Module.m._compile (C:\Users\ChineseChikki\Documents\GitHub\App-Trader\assets-service\node_modules\ts-node\src\index.ts:1617:30)
    at Module._extensions..js (node:internal/modules/cjs/loader:1159:10)
    at Object.require.extensions.<computed> [as .ts] (C:\Users\ChineseChikki\Documents\GitHub\App-Trader\assets-service\node_modules\ts-node\src\index.ts:1621:12)
    at Module.load (node:internal/modules/cjs/loader:981:32)
    at Function.Module._load (node:internal/modules/cjs/loader:822:12)
    at Module.require (node:internal/modules/cjs/loader:1005:19) [assets-service] development 2024-01-23 22:39:01
error: uncaughtException: тип Unable to compile TypeScript:
[96msrc/routes/ExchangeRoutes.ts[0m:[93m14[0m:[93m2[0m - [91merror[0m[90m TS2305: [0mModule '"../middlewares/ExchangeMiddleware"' has no exported member 'validateGetCurrenciesRequest'.

[7m14[0m  validateGetCurrenciesRequest,
[7m  [0m [91m ~~~~~~~~~~~~~~~~~~~~~~~~~~~~[0m

TSError: тип Unable to compile TypeScript:
[96msrc/routes/ExchangeRoutes.ts[0m:[93m14[0m:[93m2[0m - [91merror[0m[90m TS2305: [0mModule '"../middlewares/ExchangeMiddleware"' has no exported member 'validateGetCurrenciesRequest'.

[7m14[0m  validateGetCurrenciesRequest,
[7m  [0m [91m ~~~~~~~~~~~~~~~~~~~~~~~~~~~~[0m

    at createTSError (C:\Users\ChineseChikki\Documents\GitHub\App-Trader\assets-service\node_modules\ts-node\src\index.ts:859:12)
    at reportTSError (C:\Users\ChineseChikki\Documents\GitHub\App-Trader\assets-service\node_modules\ts-node\src\index.ts:863:19)
    at getOutput (C:\Users\ChineseChikki\Documents\GitHub\App-Trader\assets-service\node_modules\ts-node\src\index.ts:1077:36)
    at Object.compile (C:\Users\ChineseChikki\Documents\GitHub\App-Trader\assets-service\node_modules\ts-node\src\index.ts:1433:41)
    at Module.m._compile (C:\Users\ChineseChikki\Documents\GitHub\App-Trader\assets-service\node_modules\ts-node\src\index.ts:1617:30)
    at Module._extensions..js (node:internal/modules/cjs/loader:1159:10)
    at Object.require.extensions.<computed> [as .ts] (C:\Users\ChineseChikki\Documents\GitHub\App-Trader\assets-service\node_modules\ts-node\src\index.ts:1621:12)
    at Module.load (node:internal/modules/cjs/loader:981:32)
    at Function.Module._load (node:internal/modules/cjs/loader:822:12)
    at Module.require (node:internal/modules/cjs/loader:1005:19) [assets-service] development 2024-01-23T21:39:01.610Z
[31merror[39m: uncaughtException: тип Unable to compile TypeScript:
[96msrc/routes/ExchangeRoutes.ts[0m:[93m13[0m:[93m2[0m - [91merror[0m[90m TS2305: [0mModule '"../middlewares/ExchangeMiddleware"' has no exported member 'validateGetAllAssetsRequest'.

[7m13[0m  validateGetAllAssetsRequest,
[7m  [0m [91m ~~~~~~~~~~~~~~~~~~~~~~~~~~~[0m

TSError: тип Unable to compile TypeScript:
[96msrc/routes/ExchangeRoutes.ts[0m:[93m13[0m:[93m2[0m - [91merror[0m[90m TS2305: [0mModule '"../middlewares/ExchangeMiddleware"' has no exported member 'validateGetAllAssetsRequest'.

[7m13[0m  validateGetAllAssetsRequest,
[7m  [0m [91m ~~~~~~~~~~~~~~~~~~~~~~~~~~~[0m

    at createTSError (C:\Users\ChineseChikki\Documents\GitHub\App-Trader\assets-service\node_modules\ts-node\src\index.ts:859:12)
    at reportTSError (C:\Users\ChineseChikki\Documents\GitHub\App-Trader\assets-service\node_modules\ts-node\src\index.ts:863:19)
    at getOutput (C:\Users\ChineseChikki\Documents\GitHub\App-Trader\assets-service\node_modules\ts-node\src\index.ts:1077:36)
    at Object.compile (C:\Users\ChineseChikki\Documents\GitHub\App-Trader\assets-service\node_modules\ts-node\src\index.ts:1433:41)
    at Module.m._compile (C:\Users\ChineseChikki\Documents\GitHub\App-Trader\assets-service\node_modules\ts-node\src\index.ts:1617:30)
    at Module._extensions..js (node:internal/modules/cjs/loader:1159:10)
    at Object.require.extensions.<computed> [as .ts] (C:\Users\ChineseChikki\Documents\GitHub\App-Trader\assets-service\node_modules\ts-node\src\index.ts:1621:12)
    at Module.load (node:internal/modules/cjs/loader:981:32)
    at Function.Module._load (node:internal/modules/cjs/loader:822:12)
    at Module.require (node:internal/modules/cjs/loader:1005:19) [assets-service] development 2024-01-26 01:10:53
error: uncaughtException: тип Unable to compile TypeScript:
[96msrc/routes/ExchangeRoutes.ts[0m:[93m13[0m:[93m2[0m - [91merror[0m[90m TS2305: [0mModule '"../middlewares/ExchangeMiddleware"' has no exported member 'validateGetAllAssetsRequest'.

[7m13[0m  validateGetAllAssetsRequest,
[7m  [0m [91m ~~~~~~~~~~~~~~~~~~~~~~~~~~~[0m

TSError: тип Unable to compile TypeScript:
[96msrc/routes/ExchangeRoutes.ts[0m:[93m13[0m:[93m2[0m - [91merror[0m[90m TS2305: [0mModule '"../middlewares/ExchangeMiddleware"' has no exported member 'validateGetAllAssetsRequest'.

[7m13[0m  validateGetAllAssetsRequest,
[7m  [0m [91m ~~~~~~~~~~~~~~~~~~~~~~~~~~~[0m

    at createTSError (C:\Users\ChineseChikki\Documents\GitHub\App-Trader\assets-service\node_modules\ts-node\src\index.ts:859:12)
    at reportTSError (C:\Users\ChineseChikki\Documents\GitHub\App-Trader\assets-service\node_modules\ts-node\src\index.ts:863:19)
    at getOutput (C:\Users\ChineseChikki\Documents\GitHub\App-Trader\assets-service\node_modules\ts-node\src\index.ts:1077:36)
    at Object.compile (C:\Users\ChineseChikki\Documents\GitHub\App-Trader\assets-service\node_modules\ts-node\src\index.ts:1433:41)
    at Module.m._compile (C:\Users\ChineseChikki\Documents\GitHub\App-Trader\assets-service\node_modules\ts-node\src\index.ts:1617:30)
    at Module._extensions..js (node:internal/modules/cjs/loader:1159:10)
    at Object.require.extensions.<computed> [as .ts] (C:\Users\ChineseChikki\Documents\GitHub\App-Trader\assets-service\node_modules\ts-node\src\index.ts:1621:12)
    at Module.load (node:internal/modules/cjs/loader:981:32)
    at Function.Module._load (node:internal/modules/cjs/loader:822:12)
    at Module.require (node:internal/modules/cjs/loader:1005:19) [assets-service] development 2024-01-26T00:10:53.560Z
[31merror[39m: uncaughtException: getaddrinfo ENOTFOUND secretsmanager.eu-west-1.amazonaws.com
Error: getaddrinfo ENOTFOUND secretsmanager.eu-west-1.amazonaws.com
    at GetAddrInfoReqWrap.onlookup [as oncomplete] (node:dns:71:26) [assets-service] development 2024-01-29 12:42:32
error: uncaughtException: getaddrinfo ENOTFOUND secretsmanager.eu-west-1.amazonaws.com
Error: getaddrinfo ENOTFOUND secretsmanager.eu-west-1.amazonaws.com
    at GetAddrInfoReqWrap.onlookup [as oncomplete] (node:dns:71:26) [assets-service] development 2024-01-29T11:42:32.626Z
[31merror[39m: uncaughtException: тип Unable to compile TypeScript:
[96msrc/controllers/ExchangeController.ts[0m:[93m94[0m:[93m79[0m - [91merror[0m[90m TS2345: [0mArgument of type '{ message: string; upda: any; }' is not assignable to parameter of type 'APIResponseInput'.
  Object literal may only specify known properties, and 'upda' does not exist in type 'APIResponseInput'.

[7m94[0m   res.status(200).json(apiResponseHandler({ message: "Update was successful", upda }));
[7m  [0m [91m                                                                              ~~~~[0m
[96msrc/controllers/ExchangeController.ts[0m:[93m94[0m:[93m79[0m - [91merror[0m[90m TS18004: [0mNo value exists in scope for the shorthand property 'upda'. Either declare one or provide an initializer.

[7m94[0m   res.status(200).json(apiResponseHandler({ message: "Update was successful", upda }));
[7m  [0m [91m                                                                              ~~~~[0m

TSError: тип Unable to compile TypeScript:
[96msrc/controllers/ExchangeController.ts[0m:[93m94[0m:[93m79[0m - [91merror[0m[90m TS2345: [0mArgument of type '{ message: string; upda: any; }' is not assignable to parameter of type 'APIResponseInput'.
  Object literal may only specify known properties, and 'upda' does not exist in type 'APIResponseInput'.

[7m94[0m   res.status(200).json(apiResponseHandler({ message: "Update was successful", upda }));
[7m  [0m [91m                                                                              ~~~~[0m
[96msrc/controllers/ExchangeController.ts[0m:[93m94[0m:[93m79[0m - [91merror[0m[90m TS18004: [0mNo value exists in scope for the shorthand property 'upda'. Either declare one or provide an initializer.

[7m94[0m   res.status(200).json(apiResponseHandler({ message: "Update was successful", upda }));
[7m  [0m [91m                                                                              ~~~~[0m

    at createTSError (C:\Users\ChineseChikki\Documents\GitHub\App-Trader\assets-service\node_modules\ts-node\src\index.ts:859:12)
    at reportTSError (C:\Users\ChineseChikki\Documents\GitHub\App-Trader\assets-service\node_modules\ts-node\src\index.ts:863:19)
    at getOutput (C:\Users\ChineseChikki\Documents\GitHub\App-Trader\assets-service\node_modules\ts-node\src\index.ts:1077:36)
    at Object.compile (C:\Users\ChineseChikki\Documents\GitHub\App-Trader\assets-service\node_modules\ts-node\src\index.ts:1433:41)
    at Module.m._compile (C:\Users\ChineseChikki\Documents\GitHub\App-Trader\assets-service\node_modules\ts-node\src\index.ts:1617:30)
    at Module._extensions..js (node:internal/modules/cjs/loader:1159:10)
    at Object.require.extensions.<computed> [as .ts] (C:\Users\ChineseChikki\Documents\GitHub\App-Trader\assets-service\node_modules\ts-node\src\index.ts:1621:12)
    at Module.load (node:internal/modules/cjs/loader:981:32)
    at Function.Module._load (node:internal/modules/cjs/loader:822:12)
    at Module.require (node:internal/modules/cjs/loader:1005:19) [assets-service] development 2024-01-30 08:38:49
error: uncaughtException: тип Unable to compile TypeScript:
[96msrc/controllers/ExchangeController.ts[0m:[93m94[0m:[93m79[0m - [91merror[0m[90m TS2345: [0mArgument of type '{ message: string; upda: any; }' is not assignable to parameter of type 'APIResponseInput'.
  Object literal may only specify known properties, and 'upda' does not exist in type 'APIResponseInput'.

[7m94[0m   res.status(200).json(apiResponseHandler({ message: "Update was successful", upda }));
[7m  [0m [91m                                                                              ~~~~[0m
[96msrc/controllers/ExchangeController.ts[0m:[93m94[0m:[93m79[0m - [91merror[0m[90m TS18004: [0mNo value exists in scope for the shorthand property 'upda'. Either declare one or provide an initializer.

[7m94[0m   res.status(200).json(apiResponseHandler({ message: "Update was successful", upda }));
[7m  [0m [91m                                                                              ~~~~[0m

TSError: тип Unable to compile TypeScript:
[96msrc/controllers/ExchangeController.ts[0m:[93m94[0m:[93m79[0m - [91merror[0m[90m TS2345: [0mArgument of type '{ message: string; upda: any; }' is not assignable to parameter of type 'APIResponseInput'.
  Object literal may only specify known properties, and 'upda' does not exist in type 'APIResponseInput'.

[7m94[0m   res.status(200).json(apiResponseHandler({ message: "Update was successful", upda }));
[7m  [0m [91m                                                                              ~~~~[0m
[96msrc/controllers/ExchangeController.ts[0m:[93m94[0m:[93m79[0m - [91merror[0m[90m TS18004: [0mNo value exists in scope for the shorthand property 'upda'. Either declare one or provide an initializer.

[7m94[0m   res.status(200).json(apiResponseHandler({ message: "Update was successful", upda }));
[7m  [0m [91m                                                                              ~~~~[0m

    at createTSError (C:\Users\ChineseChikki\Documents\GitHub\App-Trader\assets-service\node_modules\ts-node\src\index.ts:859:12)
    at reportTSError (C:\Users\ChineseChikki\Documents\GitHub\App-Trader\assets-service\node_modules\ts-node\src\index.ts:863:19)
    at getOutput (C:\Users\ChineseChikki\Documents\GitHub\App-Trader\assets-service\node_modules\ts-node\src\index.ts:1077:36)
    at Object.compile (C:\Users\ChineseChikki\Documents\GitHub\App-Trader\assets-service\node_modules\ts-node\src\index.ts:1433:41)
    at Module.m._compile (C:\Users\ChineseChikki\Documents\GitHub\App-Trader\assets-service\node_modules\ts-node\src\index.ts:1617:30)
    at Module._extensions..js (node:internal/modules/cjs/loader:1159:10)
    at Object.require.extensions.<computed> [as .ts] (C:\Users\ChineseChikki\Documents\GitHub\App-Trader\assets-service\node_modules\ts-node\src\index.ts:1621:12)
    at Module.load (node:internal/modules/cjs/loader:981:32)
    at Function.Module._load (node:internal/modules/cjs/loader:822:12)
    at Module.require (node:internal/modules/cjs/loader:1005:19) [assets-service] development 2024-01-30T07:38:49.445Z
[31merror[39m: uncaughtException: listen EADDRINUSE: address already in use :::8080
Error: listen EADDRINUSE: address already in use :::8080
    at Server.setupListenHandle [as _listen2] (node:net:1372:16)
    at listenInCluster (node:net:1420:12)
    at Server.listen (node:net:1508:7)
    at Function.listen (C:\Users\ChineseChikki\Documents\GitHub\App-Trader\assets-service\node_modules\express\lib\application.js:635:24)
    at C:\Users\ChineseChikki\Documents\GitHub\App-Trader\assets-service\src\app.ts:27:7
    at processTicksAndRejections (node:internal/process/task_queues:96:5) [assets-service] development 2024-01-30 14:26:28
error: uncaughtException: listen EADDRINUSE: address already in use :::8080
Error: listen EADDRINUSE: address already in use :::8080
    at Server.setupListenHandle [as _listen2] (node:net:1372:16)
    at listenInCluster (node:net:1420:12)
    at Server.listen (node:net:1508:7)
    at Function.listen (C:\Users\ChineseChikki\Documents\GitHub\App-Trader\assets-service\node_modules\express\lib\application.js:635:24)
    at C:\Users\ChineseChikki\Documents\GitHub\App-Trader\assets-service\src\app.ts:27:7
    at processTicksAndRejections (node:internal/process/task_queues:96:5) [assets-service] development 2024-01-30T13:26:28.633Z
[31merror[39m: uncaughtException: тип Unable to compile TypeScript:
[96msrc/utils/swagger.ts[0m:[93m8[0m:[93m2[0m - [91merror[0m[90m TS2724: [0m'"../documentation/exchange"' has no exported member named 'getExchange'. Did you mean 'getExchanges'?

[7m8[0m  getExchange,
[7m [0m [91m ~~~~~~~~~~~[0m

TSError: тип Unable to compile TypeScript:
[96msrc/utils/swagger.ts[0m:[93m8[0m:[93m2[0m - [91merror[0m[90m TS2724: [0m'"../documentation/exchange"' has no exported member named 'getExchange'. Did you mean 'getExchanges'?

[7m8[0m  getExchange,
[7m [0m [91m ~~~~~~~~~~~[0m

    at createTSError (C:\Users\ChineseChikki\Documents\GitHub\App-Trader\assets-service\node_modules\ts-node\src\index.ts:859:12)
    at reportTSError (C:\Users\ChineseChikki\Documents\GitHub\App-Trader\assets-service\node_modules\ts-node\src\index.ts:863:19)
    at getOutput (C:\Users\ChineseChikki\Documents\GitHub\App-Trader\assets-service\node_modules\ts-node\src\index.ts:1077:36)
    at Object.compile (C:\Users\ChineseChikki\Documents\GitHub\App-Trader\assets-service\node_modules\ts-node\src\index.ts:1433:41)
    at Module.m._compile (C:\Users\ChineseChikki\Documents\GitHub\App-Trader\assets-service\node_modules\ts-node\src\index.ts:1617:30)
    at Module._extensions..js (node:internal/modules/cjs/loader:1159:10)
    at Object.require.extensions.<computed> [as .ts] (C:\Users\ChineseChikki\Documents\GitHub\App-Trader\assets-service\node_modules\ts-node\src\index.ts:1621:12)
    at Module.load (node:internal/modules/cjs/loader:981:32)
    at Function.Module._load (node:internal/modules/cjs/loader:822:12)
    at Module.require (node:internal/modules/cjs/loader:1005:19) [assets-service] development 2024-02-02 10:44:02
error: uncaughtException: тип Unable to compile TypeScript:
[96msrc/utils/swagger.ts[0m:[93m8[0m:[93m2[0m - [91merror[0m[90m TS2724: [0m'"../documentation/exchange"' has no exported member named 'getExchange'. Did you mean 'getExchanges'?

[7m8[0m  getExchange,
[7m [0m [91m ~~~~~~~~~~~[0m

TSError: тип Unable to compile TypeScript:
[96msrc/utils/swagger.ts[0m:[93m8[0m:[93m2[0m - [91merror[0m[90m TS2724: [0m'"../documentation/exchange"' has no exported member named 'getExchange'. Did you mean 'getExchanges'?

[7m8[0m  getExchange,
[7m [0m [91m ~~~~~~~~~~~[0m

    at createTSError (C:\Users\ChineseChikki\Documents\GitHub\App-Trader\assets-service\node_modules\ts-node\src\index.ts:859:12)
    at reportTSError (C:\Users\ChineseChikki\Documents\GitHub\App-Trader\assets-service\node_modules\ts-node\src\index.ts:863:19)
    at getOutput (C:\Users\ChineseChikki\Documents\GitHub\App-Trader\assets-service\node_modules\ts-node\src\index.ts:1077:36)
    at Object.compile (C:\Users\ChineseChikki\Documents\GitHub\App-Trader\assets-service\node_modules\ts-node\src\index.ts:1433:41)
    at Module.m._compile (C:\Users\ChineseChikki\Documents\GitHub\App-Trader\assets-service\node_modules\ts-node\src\index.ts:1617:30)
    at Module._extensions..js (node:internal/modules/cjs/loader:1159:10)
    at Object.require.extensions.<computed> [as .ts] (C:\Users\ChineseChikki\Documents\GitHub\App-Trader\assets-service\node_modules\ts-node\src\index.ts:1621:12)
    at Module.load (node:internal/modules/cjs/loader:981:32)
    at Function.Module._load (node:internal/modules/cjs/loader:822:12)
    at Module.require (node:internal/modules/cjs/loader:1005:19) [assets-service] development 2024-02-02T09:44:02.130Z
[31merror[39m: uncaughtException: тип Unable to compile TypeScript:
[96msrc/utils/swagger.ts[0m:[93m45[0m:[93m40[0m - [91merror[0m[90m TS2304: [0mCannot find name 'getExchange'.

[7m45[0m    [`/exchanges${ROUTES.get}`]: { get: getExchange },
[7m  [0m [91m                                       ~~~~~~~~~~~[0m

TSError: тип Unable to compile TypeScript:
[96msrc/utils/swagger.ts[0m:[93m45[0m:[93m40[0m - [91merror[0m[90m TS2304: [0mCannot find name 'getExchange'.

[7m45[0m    [`/exchanges${ROUTES.get}`]: { get: getExchange },
[7m  [0m [91m                                       ~~~~~~~~~~~[0m

    at createTSError (C:\Users\ChineseChikki\Documents\GitHub\App-Trader\assets-service\node_modules\ts-node\src\index.ts:859:12)
    at reportTSError (C:\Users\ChineseChikki\Documents\GitHub\App-Trader\assets-service\node_modules\ts-node\src\index.ts:863:19)
    at getOutput (C:\Users\ChineseChikki\Documents\GitHub\App-Trader\assets-service\node_modules\ts-node\src\index.ts:1077:36)
    at Object.compile (C:\Users\ChineseChikki\Documents\GitHub\App-Trader\assets-service\node_modules\ts-node\src\index.ts:1433:41)
    at Module.m._compile (C:\Users\ChineseChikki\Documents\GitHub\App-Trader\assets-service\node_modules\ts-node\src\index.ts:1617:30)
    at Module._extensions..js (node:internal/modules/cjs/loader:1159:10)
    at Object.require.extensions.<computed> [as .ts] (C:\Users\ChineseChikki\Documents\GitHub\App-Trader\assets-service\node_modules\ts-node\src\index.ts:1621:12)
    at Module.load (node:internal/modules/cjs/loader:981:32)
    at Function.Module._load (node:internal/modules/cjs/loader:822:12)
    at Module.require (node:internal/modules/cjs/loader:1005:19) [assets-service] development 2024-02-02 10:45:10
error: uncaughtException: тип Unable to compile TypeScript:
[96msrc/utils/swagger.ts[0m:[93m45[0m:[93m40[0m - [91merror[0m[90m TS2304: [0mCannot find name 'getExchange'.

[7m45[0m    [`/exchanges${ROUTES.get}`]: { get: getExchange },
[7m  [0m [91m                                       ~~~~~~~~~~~[0m

TSError: тип Unable to compile TypeScript:
[96msrc/utils/swagger.ts[0m:[93m45[0m:[93m40[0m - [91merror[0m[90m TS2304: [0mCannot find name 'getExchange'.

[7m45[0m    [`/exchanges${ROUTES.get}`]: { get: getExchange },
[7m  [0m [91m                                       ~~~~~~~~~~~[0m

    at createTSError (C:\Users\ChineseChikki\Documents\GitHub\App-Trader\assets-service\node_modules\ts-node\src\index.ts:859:12)
    at reportTSError (C:\Users\ChineseChikki\Documents\GitHub\App-Trader\assets-service\node_modules\ts-node\src\index.ts:863:19)
    at getOutput (C:\Users\ChineseChikki\Documents\GitHub\App-Trader\assets-service\node_modules\ts-node\src\index.ts:1077:36)
    at Object.compile (C:\Users\ChineseChikki\Documents\GitHub\App-Trader\assets-service\node_modules\ts-node\src\index.ts:1433:41)
    at Module.m._compile (C:\Users\ChineseChikki\Documents\GitHub\App-Trader\assets-service\node_modules\ts-node\src\index.ts:1617:30)
    at Module._extensions..js (node:internal/modules/cjs/loader:1159:10)
    at Object.require.extensions.<computed> [as .ts] (C:\Users\ChineseChikki\Documents\GitHub\App-Trader\assets-service\node_modules\ts-node\src\index.ts:1621:12)
    at Module.load (node:internal/modules/cjs/loader:981:32)
    at Function.Module._load (node:internal/modules/cjs/loader:822:12)
    at Module.require (node:internal/modules/cjs/loader:1005:19) [assets-service] development 2024-02-02T09:45:10.503Z
[31merror[39m: uncaughtException: тип Unable to compile TypeScript:
[96msrc/utils/swagger.ts[0m:[93m9[0m:[93m2[0m - [91merror[0m[90m TS2724: [0m'"../documentation/exchange"' has no exported member named 'getExchangeById'. Did you mean 'getExchanges'?

[7m9[0m  getExchangeById,
[7m [0m [91m ~~~~~~~~~~~~~~~[0m
[96msrc/utils/swagger.ts[0m:[93m11[0m:[93m2[0m - [91merror[0m[90m TS2305: [0mModule '"../documentation/exchange"' has no exported member 'getExchangeByIdBody'.

[7m11[0m  getExchangeByIdBody,
[7m  [0m [91m ~~~~~~~~~~~~~~~~~~~[0m

TSError: тип Unable to compile TypeScript:
[96msrc/utils/swagger.ts[0m:[93m9[0m:[93m2[0m - [91merror[0m[90m TS2724: [0m'"../documentation/exchange"' has no exported member named 'getExchangeById'. Did you mean 'getExchanges'?

[7m9[0m  getExchangeById,
[7m [0m [91m ~~~~~~~~~~~~~~~[0m
[96msrc/utils/swagger.ts[0m:[93m11[0m:[93m2[0m - [91merror[0m[90m TS2305: [0mModule '"../documentation/exchange"' has no exported member 'getExchangeByIdBody'.

[7m11[0m  getExchangeByIdBody,
[7m  [0m [91m ~~~~~~~~~~~~~~~~~~~[0m

    at createTSError (C:\Users\ChineseChikki\Documents\GitHub\App-Trader\assets-service\node_modules\ts-node\src\index.ts:859:12)
    at reportTSError (C:\Users\ChineseChikki\Documents\GitHub\App-Trader\assets-service\node_modules\ts-node\src\index.ts:863:19)
    at getOutput (C:\Users\ChineseChikki\Documents\GitHub\App-Trader\assets-service\node_modules\ts-node\src\index.ts:1077:36)
    at Object.compile (C:\Users\ChineseChikki\Documents\GitHub\App-Trader\assets-service\node_modules\ts-node\src\index.ts:1433:41)
    at Module.m._compile (C:\Users\ChineseChikki\Documents\GitHub\App-Trader\assets-service\node_modules\ts-node\src\index.ts:1617:30)
    at Module._extensions..js (node:internal/modules/cjs/loader:1159:10)
    at Object.require.extensions.<computed> [as .ts] (C:\Users\ChineseChikki\Documents\GitHub\App-Trader\assets-service\node_modules\ts-node\src\index.ts:1621:12)
    at Module.load (node:internal/modules/cjs/loader:981:32)
    at Function.Module._load (node:internal/modules/cjs/loader:822:12)
    at Module.require (node:internal/modules/cjs/loader:1005:19) [assets-service] development 2024-02-02 10:48:20
error: uncaughtException: тип Unable to compile TypeScript:
[96msrc/utils/swagger.ts[0m:[93m9[0m:[93m2[0m - [91merror[0m[90m TS2724: [0m'"../documentation/exchange"' has no exported member named 'getExchangeById'. Did you mean 'getExchanges'?

[7m9[0m  getExchangeById,
[7m [0m [91m ~~~~~~~~~~~~~~~[0m
[96msrc/utils/swagger.ts[0m:[93m11[0m:[93m2[0m - [91merror[0m[90m TS2305: [0mModule '"../documentation/exchange"' has no exported member 'getExchangeByIdBody'.

[7m11[0m  getExchangeByIdBody,
[7m  [0m [91m ~~~~~~~~~~~~~~~~~~~[0m

TSError: тип Unable to compile TypeScript:
[96msrc/utils/swagger.ts[0m:[93m9[0m:[93m2[0m - [91merror[0m[90m TS2724: [0m'"../documentation/exchange"' has no exported member named 'getExchangeById'. Did you mean 'getExchanges'?

[7m9[0m  getExchangeById,
[7m [0m [91m ~~~~~~~~~~~~~~~[0m
[96msrc/utils/swagger.ts[0m:[93m11[0m:[93m2[0m - [91merror[0m[90m TS2305: [0mModule '"../documentation/exchange"' has no exported member 'getExchangeByIdBody'.

[7m11[0m  getExchangeByIdBody,
[7m  [0m [91m ~~~~~~~~~~~~~~~~~~~[0m

    at createTSError (C:\Users\ChineseChikki\Documents\GitHub\App-Trader\assets-service\node_modules\ts-node\src\index.ts:859:12)
    at reportTSError (C:\Users\ChineseChikki\Documents\GitHub\App-Trader\assets-service\node_modules\ts-node\src\index.ts:863:19)
    at getOutput (C:\Users\ChineseChikki\Documents\GitHub\App-Trader\assets-service\node_modules\ts-node\src\index.ts:1077:36)
    at Object.compile (C:\Users\ChineseChikki\Documents\GitHub\App-Trader\assets-service\node_modules\ts-node\src\index.ts:1433:41)
    at Module.m._compile (C:\Users\ChineseChikki\Documents\GitHub\App-Trader\assets-service\node_modules\ts-node\src\index.ts:1617:30)
    at Module._extensions..js (node:internal/modules/cjs/loader:1159:10)
    at Object.require.extensions.<computed> [as .ts] (C:\Users\ChineseChikki\Documents\GitHub\App-Trader\assets-service\node_modules\ts-node\src\index.ts:1621:12)
    at Module.load (node:internal/modules/cjs/loader:981:32)
    at Function.Module._load (node:internal/modules/cjs/loader:822:12)
    at Module.require (node:internal/modules/cjs/loader:1005:19) [assets-service] development 2024-02-02T09:48:20.161Z
[31merror[39m: uncaughtException: тип Unable to compile TypeScript:
[96msrc/utils/swagger.ts[0m:[93m11[0m:[93m2[0m - [91merror[0m[90m TS2724: [0m'"../documentation/exchange"' has no exported member named 'getExchangeByIdBody'. Did you mean 'getExchangeById'?

[7m11[0m  getExchangeByIdBody,
[7m  [0m [91m ~~~~~~~~~~~~~~~~~~~[0m

TSError: тип Unable to compile TypeScript:
[96msrc/utils/swagger.ts[0m:[93m11[0m:[93m2[0m - [91merror[0m[90m TS2724: [0m'"../documentation/exchange"' has no exported member named 'getExchangeByIdBody'. Did you mean 'getExchangeById'?

[7m11[0m  getExchangeByIdBody,
[7m  [0m [91m ~~~~~~~~~~~~~~~~~~~[0m

    at createTSError (C:\Users\ChineseChikki\Documents\GitHub\App-Trader\assets-service\node_modules\ts-node\src\index.ts:859:12)
    at reportTSError (C:\Users\ChineseChikki\Documents\GitHub\App-Trader\assets-service\node_modules\ts-node\src\index.ts:863:19)
    at getOutput (C:\Users\ChineseChikki\Documents\GitHub\App-Trader\assets-service\node_modules\ts-node\src\index.ts:1077:36)
    at Object.compile (C:\Users\ChineseChikki\Documents\GitHub\App-Trader\assets-service\node_modules\ts-node\src\index.ts:1433:41)
    at Module.m._compile (C:\Users\ChineseChikki\Documents\GitHub\App-Trader\assets-service\node_modules\ts-node\src\index.ts:1617:30)
    at Module._extensions..js (node:internal/modules/cjs/loader:1159:10)
    at Object.require.extensions.<computed> [as .ts] (C:\Users\ChineseChikki\Documents\GitHub\App-Trader\assets-service\node_modules\ts-node\src\index.ts:1621:12)
    at Module.load (node:internal/modules/cjs/loader:981:32)
    at Function.Module._load (node:internal/modules/cjs/loader:822:12)
    at Module.require (node:internal/modules/cjs/loader:1005:19) [assets-service] development 2024-02-02 10:48:40
error: uncaughtException: тип Unable to compile TypeScript:
[96msrc/utils/swagger.ts[0m:[93m11[0m:[93m2[0m - [91merror[0m[90m TS2724: [0m'"../documentation/exchange"' has no exported member named 'getExchangeByIdBody'. Did you mean 'getExchangeById'?

[7m11[0m  getExchangeByIdBody,
[7m  [0m [91m ~~~~~~~~~~~~~~~~~~~[0m

TSError: тип Unable to compile TypeScript:
[96msrc/utils/swagger.ts[0m:[93m11[0m:[93m2[0m - [91merror[0m[90m TS2724: [0m'"../documentation/exchange"' has no exported member named 'getExchangeByIdBody'. Did you mean 'getExchangeById'?

[7m11[0m  getExchangeByIdBody,
[7m  [0m [91m ~~~~~~~~~~~~~~~~~~~[0m

    at createTSError (C:\Users\ChineseChikki\Documents\GitHub\App-Trader\assets-service\node_modules\ts-node\src\index.ts:859:12)
    at reportTSError (C:\Users\ChineseChikki\Documents\GitHub\App-Trader\assets-service\node_modules\ts-node\src\index.ts:863:19)
    at getOutput (C:\Users\ChineseChikki\Documents\GitHub\App-Trader\assets-service\node_modules\ts-node\src\index.ts:1077:36)
    at Object.compile (C:\Users\ChineseChikki\Documents\GitHub\App-Trader\assets-service\node_modules\ts-node\src\index.ts:1433:41)
    at Module.m._compile (C:\Users\ChineseChikki\Documents\GitHub\App-Trader\assets-service\node_modules\ts-node\src\index.ts:1617:30)
    at Module._extensions..js (node:internal/modules/cjs/loader:1159:10)
    at Object.require.extensions.<computed> [as .ts] (C:\Users\ChineseChikki\Documents\GitHub\App-Trader\assets-service\node_modules\ts-node\src\index.ts:1621:12)
    at Module.load (node:internal/modules/cjs/loader:981:32)
    at Function.Module._load (node:internal/modules/cjs/loader:822:12)
    at Module.require (node:internal/modules/cjs/loader:1005:19) [assets-service] development 2024-02-02T09:48:40.096Z
[31merror[39m: uncaughtException: тип Unable to compile TypeScript:
[96msrc/routes/ExchangeRoutes.ts[0m:[93m19[0m:[93m19[0m - [91merror[0m[90m TS2339: [0mProperty 'getById' does not exist on type '{ get: string; patchById: string; getAllAssets: string; getByCurrencies: string; }'.

[7m19[0m router.get(ROUTES.getById, getExchangeById);
[7m  [0m [91m                  ~~~~~~~[0m

TSError: тип Unable to compile TypeScript:
[96msrc/routes/ExchangeRoutes.ts[0m:[93m19[0m:[93m19[0m - [91merror[0m[90m TS2339: [0mProperty 'getById' does not exist on type '{ get: string; patchById: string; getAllAssets: string; getByCurrencies: string; }'.

[7m19[0m router.get(ROUTES.getById, getExchangeById);
[7m  [0m [91m                  ~~~~~~~[0m

    at createTSError (C:\Users\ChineseChikki\Documents\GitHub\App-Trader\assets-service\node_modules\ts-node\src\index.ts:859:12)
    at reportTSError (C:\Users\ChineseChikki\Documents\GitHub\App-Trader\assets-service\node_modules\ts-node\src\index.ts:863:19)
    at getOutput (C:\Users\ChineseChikki\Documents\GitHub\App-Trader\assets-service\node_modules\ts-node\src\index.ts:1077:36)
    at Object.compile (C:\Users\ChineseChikki\Documents\GitHub\App-Trader\assets-service\node_modules\ts-node\src\index.ts:1433:41)
    at Module.m._compile (C:\Users\ChineseChikki\Documents\GitHub\App-Trader\assets-service\node_modules\ts-node\src\index.ts:1617:30)
    at Module._extensions..js (node:internal/modules/cjs/loader:1159:10)
    at Object.require.extensions.<computed> [as .ts] (C:\Users\ChineseChikki\Documents\GitHub\App-Trader\assets-service\node_modules\ts-node\src\index.ts:1621:12)
    at Module.load (node:internal/modules/cjs/loader:981:32)
    at Function.Module._load (node:internal/modules/cjs/loader:822:12)
    at Module.require (node:internal/modules/cjs/loader:1005:19) [assets-service] development 2024-02-02 11:32:46
error: uncaughtException: тип Unable to compile TypeScript:
[96msrc/routes/ExchangeRoutes.ts[0m:[93m19[0m:[93m19[0m - [91merror[0m[90m TS2339: [0mProperty 'getById' does not exist on type '{ get: string; patchById: string; getAllAssets: string; getByCurrencies: string; }'.

[7m19[0m router.get(ROUTES.getById, getExchangeById);
[7m  [0m [91m                  ~~~~~~~[0m

TSError: тип Unable to compile TypeScript:
[96msrc/routes/ExchangeRoutes.ts[0m:[93m19[0m:[93m19[0m - [91merror[0m[90m TS2339: [0mProperty 'getById' does not exist on type '{ get: string; patchById: string; getAllAssets: string; getByCurrencies: string; }'.

[7m19[0m router.get(ROUTES.getById, getExchangeById);
[7m  [0m [91m                  ~~~~~~~[0m

    at createTSError (C:\Users\ChineseChikki\Documents\GitHub\App-Trader\assets-service\node_modules\ts-node\src\index.ts:859:12)
    at reportTSError (C:\Users\ChineseChikki\Documents\GitHub\App-Trader\assets-service\node_modules\ts-node\src\index.ts:863:19)
    at getOutput (C:\Users\ChineseChikki\Documents\GitHub\App-Trader\assets-service\node_modules\ts-node\src\index.ts:1077:36)
    at Object.compile (C:\Users\ChineseChikki\Documents\GitHub\App-Trader\assets-service\node_modules\ts-node\src\index.ts:1433:41)
    at Module.m._compile (C:\Users\ChineseChikki\Documents\GitHub\App-Trader\assets-service\node_modules\ts-node\src\index.ts:1617:30)
    at Module._extensions..js (node:internal/modules/cjs/loader:1159:10)
    at Object.require.extensions.<computed> [as .ts] (C:\Users\ChineseChikki\Documents\GitHub\App-Trader\assets-service\node_modules\ts-node\src\index.ts:1621:12)
    at Module.load (node:internal/modules/cjs/loader:981:32)
    at Function.Module._load (node:internal/modules/cjs/loader:822:12)
    at Module.require (node:internal/modules/cjs/loader:1005:19) [assets-service] development 2024-02-02T10:32:46.941Z
[31merror[39m: uncaughtException: тип Unable to compile TypeScript:
[96msrc/config/constants.ts[0m:[93m44[0m:[93m2[0m - [91merror[0m[90m TS1117: [0mAn object literal cannot have multiple properties with the same name.

[7m44[0m  get: "/exchange/{id}",
[7m  [0m [91m ~~~[0m

TSError: тип Unable to compile TypeScript:
[96msrc/config/constants.ts[0m:[93m44[0m:[93m2[0m - [91merror[0m[90m TS1117: [0mAn object literal cannot have multiple properties with the same name.

[7m44[0m  get: "/exchange/{id}",
[7m  [0m [91m ~~~[0m

    at createTSError (C:\Users\ChineseChikki\Documents\GitHub\App-Trader\assets-service\node_modules\ts-node\src\index.ts:859:12)
    at reportTSError (C:\Users\ChineseChikki\Documents\GitHub\App-Trader\assets-service\node_modules\ts-node\src\index.ts:863:19)
    at getOutput (C:\Users\ChineseChikki\Documents\GitHub\App-Trader\assets-service\node_modules\ts-node\src\index.ts:1077:36)
    at Object.compile (C:\Users\ChineseChikki\Documents\GitHub\App-Trader\assets-service\node_modules\ts-node\src\index.ts:1433:41)
    at Module.m._compile (C:\Users\ChineseChikki\Documents\GitHub\App-Trader\assets-service\node_modules\ts-node\src\index.ts:1617:30)
    at Module._extensions..js (node:internal/modules/cjs/loader:1159:10)
    at Object.require.extensions.<computed> [as .ts] (C:\Users\ChineseChikki\Documents\GitHub\App-Trader\assets-service\node_modules\ts-node\src\index.ts:1621:12)
    at Module.load (node:internal/modules/cjs/loader:981:32)
    at Function.Module._load (node:internal/modules/cjs/loader:822:12)
    at Module.require (node:internal/modules/cjs/loader:1005:19) [assets-service] development 2024-02-02 11:32:54
[31merror[39m: uncaughtException: тип Unable to compile TypeScript:
[96msrc/utils/swagger.ts[0m:[93m4[0m:[93m2[0m - [91merror[0m[90m TS2724: [0m'"../documentation/exchange"' has no exported member named 'getAllAssetsInExchangeBody'. Did you mean 'getAllAssetsInExchangeById'?

[7m4[0m  getAllAssetsInExchangeBody,
[7m [0m [91m ~~~~~~~~~~~~~~~~~~~~~~~~~~[0m

TSError: тип Unable to compile TypeScript:
[96msrc/utils/swagger.ts[0m:[93m4[0m:[93m2[0m - [91merror[0m[90m TS2724: [0m'"../documentation/exchange"' has no exported member named 'getAllAssetsInExchangeBody'. Did you mean 'getAllAssetsInExchangeById'?

[7m4[0m  getAllAssetsInExchangeBody,
[7m [0m [91m ~~~~~~~~~~~~~~~~~~~~~~~~~~[0m

    at createTSError (C:\Users\ChineseChikki\Documents\GitHub\App-Trader\assets-service\node_modules\ts-node\src\index.ts:859:12)
    at reportTSError (C:\Users\ChineseChikki\Documents\GitHub\App-Trader\assets-service\node_modules\ts-node\src\index.ts:863:19)
    at getOutput (C:\Users\ChineseChikki\Documents\GitHub\App-Trader\assets-service\node_modules\ts-node\src\index.ts:1077:36)
    at Object.compile (C:\Users\ChineseChikki\Documents\GitHub\App-Trader\assets-service\node_modules\ts-node\src\index.ts:1433:41)
    at Module.m._compile (C:\Users\ChineseChikki\Documents\GitHub\App-Trader\assets-service\node_modules\ts-node\src\index.ts:1617:30)
    at Module._extensions..js (node:internal/modules/cjs/loader:1159:10)
    at Object.require.extensions.<computed> [as .ts] (C:\Users\ChineseChikki\Documents\GitHub\App-Trader\assets-service\node_modules\ts-node\src\index.ts:1621:12)
    at Module.load (node:internal/modules/cjs/loader:981:32)
    at Function.Module._load (node:internal/modules/cjs/loader:822:12)
    at Module.require (node:internal/modules/cjs/loader:1005:19) [assets-service] development 2024-02-02 11:53:08
error: uncaughtException: тип Unable to compile TypeScript:
[96msrc/utils/swagger.ts[0m:[93m4[0m:[93m2[0m - [91merror[0m[90m TS2724: [0m'"../documentation/exchange"' has no exported member named 'getAllAssetsInExchangeBody'. Did you mean 'getAllAssetsInExchangeById'?

[7m4[0m  getAllAssetsInExchangeBody,
[7m [0m [91m ~~~~~~~~~~~~~~~~~~~~~~~~~~[0m

TSError: тип Unable to compile TypeScript:
[96msrc/utils/swagger.ts[0m:[93m4[0m:[93m2[0m - [91merror[0m[90m TS2724: [0m'"../documentation/exchange"' has no exported member named 'getAllAssetsInExchangeBody'. Did you mean 'getAllAssetsInExchangeById'?

[7m4[0m  getAllAssetsInExchangeBody,
[7m [0m [91m ~~~~~~~~~~~~~~~~~~~~~~~~~~[0m

    at createTSError (C:\Users\ChineseChikki\Documents\GitHub\App-Trader\assets-service\node_modules\ts-node\src\index.ts:859:12)
    at reportTSError (C:\Users\ChineseChikki\Documents\GitHub\App-Trader\assets-service\node_modules\ts-node\src\index.ts:863:19)
    at getOutput (C:\Users\ChineseChikki\Documents\GitHub\App-Trader\assets-service\node_modules\ts-node\src\index.ts:1077:36)
    at Object.compile (C:\Users\ChineseChikki\Documents\GitHub\App-Trader\assets-service\node_modules\ts-node\src\index.ts:1433:41)
    at Module.m._compile (C:\Users\ChineseChikki\Documents\GitHub\App-Trader\assets-service\node_modules\ts-node\src\index.ts:1617:30)
    at Module._extensions..js (node:internal/modules/cjs/loader:1159:10)
    at Object.require.extensions.<computed> [as .ts] (C:\Users\ChineseChikki\Documents\GitHub\App-Trader\assets-service\node_modules\ts-node\src\index.ts:1621:12)
    at Module.load (node:internal/modules/cjs/loader:981:32)
    at Function.Module._load (node:internal/modules/cjs/loader:822:12)
    at Module.require (node:internal/modules/cjs/loader:1005:19) [assets-service] development 2024-02-02T10:53:08.250Z
[31merror[39m: uncaughtException: тип Unable to compile TypeScript:
[96msrc/utils/swagger.ts[0m:[93m5[0m:[93m2[0m - [91merror[0m[90m TS2724: [0m'"../documentation/exchange"' has no exported member named 'getCurrenciesForExchangeBody'. Did you mean 'getCurrenciesForExchangeById'?

[7m5[0m  getCurrenciesForExchangeBody,
[7m [0m [91m ~~~~~~~~~~~~~~~~~~~~~~~~~~~~[0m

TSError: тип Unable to compile TypeScript:
[96msrc/utils/swagger.ts[0m:[93m5[0m:[93m2[0m - [91merror[0m[90m TS2724: [0m'"../documentation/exchange"' has no exported member named 'getCurrenciesForExchangeBody'. Did you mean 'getCurrenciesForExchangeById'?

[7m5[0m  getCurrenciesForExchangeBody,
[7m [0m [91m ~~~~~~~~~~~~~~~~~~~~~~~~~~~~[0m

    at createTSError (C:\Users\ChineseChikki\Documents\GitHub\App-Trader\assets-service\node_modules\ts-node\src\index.ts:859:12)
    at reportTSError (C:\Users\ChineseChikki\Documents\GitHub\App-Trader\assets-service\node_modules\ts-node\src\index.ts:863:19)
    at getOutput (C:\Users\ChineseChikki\Documents\GitHub\App-Trader\assets-service\node_modules\ts-node\src\index.ts:1077:36)
    at Object.compile (C:\Users\ChineseChikki\Documents\GitHub\App-Trader\assets-service\node_modules\ts-node\src\index.ts:1433:41)
    at Module.m._compile (C:\Users\ChineseChikki\Documents\GitHub\App-Trader\assets-service\node_modules\ts-node\src\index.ts:1617:30)
    at Module._extensions..js (node:internal/modules/cjs/loader:1159:10)
    at Object.require.extensions.<computed> [as .ts] (C:\Users\ChineseChikki\Documents\GitHub\App-Trader\assets-service\node_modules\ts-node\src\index.ts:1621:12)
    at Module.load (node:internal/modules/cjs/loader:981:32)
    at Function.Module._load (node:internal/modules/cjs/loader:822:12)
    at Module.require (node:internal/modules/cjs/loader:1005:19) [assets-service] development 2024-02-02 11:59:43
error: uncaughtException: тип Unable to compile TypeScript:
[96msrc/utils/swagger.ts[0m:[93m5[0m:[93m2[0m - [91merror[0m[90m TS2724: [0m'"../documentation/exchange"' has no exported member named 'getCurrenciesForExchangeBody'. Did you mean 'getCurrenciesForExchangeById'?

[7m5[0m  getCurrenciesForExchangeBody,
[7m [0m [91m ~~~~~~~~~~~~~~~~~~~~~~~~~~~~[0m

TSError: тип Unable to compile TypeScript:
[96msrc/utils/swagger.ts[0m:[93m5[0m:[93m2[0m - [91merror[0m[90m TS2724: [0m'"../documentation/exchange"' has no exported member named 'getCurrenciesForExchangeBody'. Did you mean 'getCurrenciesForExchangeById'?

[7m5[0m  getCurrenciesForExchangeBody,
[7m [0m [91m ~~~~~~~~~~~~~~~~~~~~~~~~~~~~[0m

    at createTSError (C:\Users\ChineseChikki\Documents\GitHub\App-Trader\assets-service\node_modules\ts-node\src\index.ts:859:12)
    at reportTSError (C:\Users\ChineseChikki\Documents\GitHub\App-Trader\assets-service\node_modules\ts-node\src\index.ts:863:19)
    at getOutput (C:\Users\ChineseChikki\Documents\GitHub\App-Trader\assets-service\node_modules\ts-node\src\index.ts:1077:36)
    at Object.compile (C:\Users\ChineseChikki\Documents\GitHub\App-Trader\assets-service\node_modules\ts-node\src\index.ts:1433:41)
    at Module.m._compile (C:\Users\ChineseChikki\Documents\GitHub\App-Trader\assets-service\node_modules\ts-node\src\index.ts:1617:30)
    at Module._extensions..js (node:internal/modules/cjs/loader:1159:10)
    at Object.require.extensions.<computed> [as .ts] (C:\Users\ChineseChikki\Documents\GitHub\App-Trader\assets-service\node_modules\ts-node\src\index.ts:1621:12)
    at Module.load (node:internal/modules/cjs/loader:981:32)
    at Function.Module._load (node:internal/modules/cjs/loader:822:12)
    at Module.require (node:internal/modules/cjs/loader:1005:19) [assets-service] development 2024-02-02T10:59:43.880Z
